{"/home/travis/build/npmtest/node-npmtest-flux/test.js":{"path":"/home/travis/build/npmtest/node-npmtest-flux/test.js","s":{"1":2,"2":2,"3":2,"4":2,"5":2,"6":2,"7":2,"8":1,"9":2,"10":2,"11":1,"12":1,"13":1,"14":1,"15":2,"16":2,"17":2,"18":2,"19":1,"20":1,"21":2,"22":2,"23":2,"24":1,"25":1,"26":1,"27":1,"28":1,"29":1,"30":1,"31":1,"32":1,"33":1,"34":1,"35":1,"36":1,"37":1,"38":1,"39":2,"40":2,"41":1,"42":2,"43":2,"44":1,"45":2,"46":2,"47":1,"48":2,"49":2,"50":1,"51":1,"52":1,"53":1,"54":1},"b":{"1":[2,1,1,1],"2":[1,1,1,1],"3":[1,1],"4":[1,1],"5":[1,1],"6":[1,1],"7":[1,1],"8":[1,1],"9":[1,1],"10":[1,1,1],"11":[1,1],"12":[1,1],"13":[1,1],"14":[1,1],"15":[1,1],"16":[1,1],"17":[1,1]},"f":{"1":2,"2":2,"3":2,"4":2,"5":2,"6":1,"7":1,"8":1,"9":2,"10":2,"11":2,"12":2,"13":1},"fnMap":{"1":{"name":"(anonymous_1)","line":12,"loc":{"start":{"line":12,"column":1},"end":{"line":12,"column":13}}},"2":{"name":"(anonymous_2)","line":19,"loc":{"start":{"line":19,"column":5},"end":{"line":19,"column":17}}},"3":{"name":"(anonymous_3)","line":23,"loc":{"start":{"line":23,"column":24},"end":{"line":23,"column":36}}},"4":{"name":"(anonymous_4)","line":61,"loc":{"start":{"line":61,"column":5},"end":{"line":61,"column":17}}},"5":{"name":"(anonymous_5)","line":82,"loc":{"start":{"line":82,"column":5},"end":{"line":82,"column":17}}},"6":{"name":"(anonymous_6)","line":91,"loc":{"start":{"line":91,"column":77},"end":{"line":94,"column":10}}},"7":{"name":"(anonymous_7)","line":112,"loc":{"start":{"line":112,"column":83},"end":{"line":115,"column":10}},"skip":true},"8":{"name":"(anonymous_8)","line":123,"loc":{"start":{"line":123,"column":77},"end":{"line":126,"column":10}},"skip":true},"9":{"name":"(anonymous_9)","line":139,"loc":{"start":{"line":139,"column":12},"end":{"line":139,"column":40}},"skip":true},"10":{"name":"(anonymous_10)","line":147,"loc":{"start":{"line":147,"column":77},"end":{"line":150,"column":10}},"skip":true},"11":{"name":"(anonymous_11)","line":158,"loc":{"start":{"line":158,"column":83},"end":{"line":161,"column":10}},"skip":true},"12":{"name":"(anonymous_12)","line":169,"loc":{"start":{"line":169,"column":79},"end":{"line":172,"column":10}},"skip":true},"13":{"name":"(anonymous_13)","line":180,"loc":{"start":{"line":180,"column":75},"end":{"line":183,"column":10}},"skip":true}},"statementMap":{"1":{"start":{"line":12,"column":0},"end":{"line":195,"column":5}},"2":{"start":{"line":14,"column":4},"end":{"line":14,"column":14}},"3":{"start":{"line":19,"column":4},"end":{"line":56,"column":9}},"4":{"start":{"line":21,"column":8},"end":{"line":21,"column":19}},"5":{"start":{"line":23,"column":8},"end":{"line":35,"column":13}},"6":{"start":{"line":24,"column":12},"end":{"line":34,"column":13}},"7":{"start":{"line":25,"column":16},"end":{"line":28,"column":30}},"8":{"start":{"line":30,"column":16},"end":{"line":33,"column":27}},"9":{"start":{"line":37,"column":8},"end":{"line":39,"column":21}},"10":{"start":{"line":40,"column":8},"end":{"line":53,"column":9}},"11":{"start":{"line":43,"column":12},"end":{"line":46,"column":14}},"12":{"start":{"line":47,"column":12},"end":{"line":47,"column":18}},"13":{"start":{"line":50,"column":12},"end":{"line":51,"column":33}},"14":{"start":{"line":52,"column":12},"end":{"line":52,"column":18}},"15":{"start":{"line":55,"column":8},"end":{"line":55,"column":35}},"16":{"start":{"line":61,"column":4},"end":{"line":63,"column":9}},"17":{"start":{"line":62,"column":8},"end":{"line":62,"column":15}},"18":{"start":{"line":64,"column":4},"end":{"line":77,"column":5}},"19":{"start":{"line":70,"column":8},"end":{"line":70,"column":14}},"20":{"start":{"line":76,"column":8},"end":{"line":76,"column":14}},"21":{"start":{"line":82,"column":4},"end":{"line":84,"column":9}},"22":{"start":{"line":83,"column":8},"end":{"line":83,"column":15}},"23":{"start":{"line":85,"column":4},"end":{"line":194,"column":5}},"24":{"start":{"line":91,"column":8},"end":{"line":99,"column":10}},"25":{"start":{"line":98,"column":12},"end":{"line":98,"column":35}},"26":{"start":{"line":102,"column":8},"end":{"line":104,"column":63}},"27":{"start":{"line":105,"column":8},"end":{"line":105,"column":14}},"28":{"start":{"line":112,"column":8},"end":{"line":121,"column":10},"skip":true},"29":{"start":{"line":119,"column":12},"end":{"line":119,"column":55},"skip":true},"30":{"start":{"line":120,"column":12},"end":{"line":120,"column":48},"skip":true},"31":{"start":{"line":123,"column":8},"end":{"line":136,"column":10},"skip":true},"32":{"start":{"line":130,"column":12},"end":{"line":130,"column":76},"skip":true},"33":{"start":{"line":131,"column":12},"end":{"line":131,"column":73},"skip":true},"34":{"start":{"line":132,"column":12},"end":{"line":132,"column":74},"skip":true},"35":{"start":{"line":133,"column":12},"end":{"line":133,"column":79},"skip":true},"36":{"start":{"line":134,"column":12},"end":{"line":134,"column":25},"skip":true},"37":{"start":{"line":135,"column":12},"end":{"line":135,"column":45},"skip":true},"38":{"start":{"line":138,"column":8},"end":{"line":145,"column":14},"skip":true},"39":{"start":{"line":143,"column":16},"end":{"line":143,"column":29},"skip":true},"40":{"start":{"line":144,"column":16},"end":{"line":144,"column":55},"skip":true},"41":{"start":{"line":147,"column":8},"end":{"line":156,"column":10},"skip":true},"42":{"start":{"line":154,"column":12},"end":{"line":154,"column":25},"skip":true},"43":{"start":{"line":155,"column":12},"end":{"line":155,"column":45},"skip":true},"44":{"start":{"line":158,"column":8},"end":{"line":167,"column":10},"skip":true},"45":{"start":{"line":165,"column":12},"end":{"line":165,"column":25},"skip":true},"46":{"start":{"line":166,"column":12},"end":{"line":166,"column":48},"skip":true},"47":{"start":{"line":169,"column":8},"end":{"line":178,"column":10},"skip":true},"48":{"start":{"line":176,"column":12},"end":{"line":176,"column":25},"skip":true},"49":{"start":{"line":177,"column":12},"end":{"line":177,"column":46},"skip":true},"50":{"start":{"line":180,"column":8},"end":{"line":189,"column":10},"skip":true},"51":{"start":{"line":187,"column":12},"end":{"line":187,"column":94},"skip":true},"52":{"start":{"line":188,"column":12},"end":{"line":188,"column":48},"skip":true},"53":{"start":{"line":192,"column":8},"end":{"line":192,"column":35},"skip":true},"54":{"start":{"line":193,"column":8},"end":{"line":193,"column":14},"skip":true}},"branchMap":{"1":{"line":25,"type":"binary-expr","locations":[{"start":{"line":25,"column":23},"end":{"line":25,"column":62}},{"start":{"line":26,"column":20},"end":{"line":26,"column":70}},{"start":{"line":27,"column":20},"end":{"line":27,"column":71}},{"start":{"line":28,"column":20},"end":{"line":28,"column":29}}]},"2":{"line":30,"type":"binary-expr","locations":[{"start":{"line":30,"column":23},"end":{"line":30,"column":37}},{"start":{"line":31,"column":20},"end":{"line":31,"column":61}},{"start":{"line":32,"column":20},"end":{"line":32,"column":70}},{"start":{"line":33,"column":20},"end":{"line":33,"column":26}}]},"3":{"line":37,"type":"cond-expr","locations":[{"start":{"line":38,"column":14},"end":{"line":38,"column":20}},{"start":{"line":39,"column":14},"end":{"line":39,"column":20}}]},"4":{"line":40,"type":"switch","locations":[{"start":{"line":42,"column":8},"end":{"line":47,"column":18}},{"start":{"line":49,"column":8},"end":{"line":52,"column":18}}]},"5":{"line":44,"type":"binary-expr","locations":[{"start":{"line":44,"column":16},"end":{"line":44,"column":44}},{"start":{"line":44,"column":48},"end":{"line":44,"column":66}}]},"6":{"line":50,"type":"binary-expr","locations":[{"start":{"line":50,"column":21},"end":{"line":50,"column":49}},{"start":{"line":50,"column":53},"end":{"line":50,"column":72}}]},"7":{"line":64,"type":"switch","locations":[{"start":{"line":69,"column":4},"end":{"line":70,"column":14}},{"start":{"line":75,"column":4},"end":{"line":76,"column":14}}]},"8":{"line":85,"type":"switch","locations":[{"start":{"line":90,"column":4},"end":{"line":105,"column":14}},{"start":{"line":111,"column":4},"end":{"line":193,"column":14},"skip":true}]},"9":{"line":91,"type":"binary-expr","locations":[{"start":{"line":91,"column":42},"end":{"line":91,"column":73}},{"start":{"line":91,"column":77},"end":{"line":99,"column":9}}]},"10":{"line":102,"type":"binary-expr","locations":[{"start":{"line":102,"column":18},"end":{"line":102,"column":32}},{"start":{"line":103,"column":12},"end":{"line":103,"column":53}},{"start":{"line":104,"column":12},"end":{"line":104,"column":61}}]},"11":{"line":112,"type":"binary-expr","locations":[{"start":{"line":112,"column":45},"end":{"line":112,"column":79},"skip":true},{"start":{"line":112,"column":83},"end":{"line":121,"column":9},"skip":true}]},"12":{"line":123,"type":"binary-expr","locations":[{"start":{"line":123,"column":42},"end":{"line":123,"column":73},"skip":true},{"start":{"line":123,"column":77},"end":{"line":136,"column":9},"skip":true}]},"13":{"line":138,"type":"binary-expr","locations":[{"start":{"line":138,"column":48},"end":{"line":138,"column":85},"skip":true},{"start":{"line":139,"column":12},"end":{"line":145,"column":13},"skip":true}]},"14":{"line":147,"type":"binary-expr","locations":[{"start":{"line":147,"column":42},"end":{"line":147,"column":73},"skip":true},{"start":{"line":147,"column":77},"end":{"line":156,"column":9},"skip":true}]},"15":{"line":158,"type":"binary-expr","locations":[{"start":{"line":158,"column":45},"end":{"line":158,"column":79},"skip":true},{"start":{"line":158,"column":83},"end":{"line":167,"column":9},"skip":true}]},"16":{"line":169,"type":"binary-expr","locations":[{"start":{"line":169,"column":43},"end":{"line":169,"column":75},"skip":true},{"start":{"line":169,"column":79},"end":{"line":178,"column":9},"skip":true}]},"17":{"line":180,"type":"binary-expr","locations":[{"start":{"line":180,"column":41},"end":{"line":180,"column":71},"skip":true},{"start":{"line":180,"column":75},"end":{"line":189,"column":9},"skip":true}]}},"code":["/* istanbul instrument in package npmtest_flux */","/*jslint","    bitwise: true,","    browser: true,","    maxerr: 8,","    maxlen: 96,","    node: true,","    nomen: true,","    regexp: true,","    stupid: true","*/","(function () {","    'use strict';","    var local;","","","","    // run shared js-env code - pre-init","    (function () {","        // init local","        local = {};","        // init modeJs","        local.modeJs = (function () {","            try {","                return typeof navigator.userAgent === 'string' &&","                    typeof document.querySelector('body') === 'object' &&","                    typeof XMLHttpRequest.prototype.open === 'function' &&","                    'browser';","            } catch (errorCaughtBrowser) {","                return module.exports &&","                    typeof process.versions.node === 'string' &&","                    typeof require('http').createServer === 'function' &&","                    'node';","            }","        }());","        // init global","        local.global = local.modeJs === 'browser'","            ? window","            : global;","        switch (local.modeJs) {","        // re-init local from window.local","        case 'browser':","            local = local.global.utility2.objectSetDefault(","                local.global.utility2_rollup || local.global.local,","                local.global.utility2","            );","            break;","        // re-init local from example.js","        case 'node':","            local = (local.global.utility2_rollup || require('utility2'))","                .requireReadme();","            break;","        }","        // export local","        local.global.local = local;","    }());","","","","    // run shared js-env code - function","    (function () {","        return;","    }());","    switch (local.modeJs) {","","","","    // run browser js-env code - function","    case 'browser':","        break;","","","","    // run node js-env code - function","    case 'node':","        break;","    }","","","","    // run shared js-env code - post-init","    (function () {","        return;","    }());","    switch (local.modeJs) {","","","","    // run browser js-env code - post-init","    case 'browser':","        local.testCase_browser_nullCase = local.testCase_browser_nullCase || function (","            options,","            onError","        ) {","        /*","         * this function will test browsers's null-case handling-behavior-behavior","         */","            onError(null, options);","        };","","        // run tests","        local.nop(local.modeTest &&","            document.querySelector('#testRunButton1') &&","            document.querySelector('#testRunButton1').click());","        break;","","","","    // run node js-env code - post-init","    /* istanbul ignore next */","    case 'node':","        local.testCase_buildApidoc_default = local.testCase_buildApidoc_default || function (","            options,","            onError","        ) {","        /*","         * this function will test buildApidoc's default handling-behavior-behavior","         */","            options = { modulePathList: module.paths };","            local.buildApidoc(options, onError);","        };","","        local.testCase_buildApp_default = local.testCase_buildApp_default || function (","            options,","            onError","        ) {","        /*","         * this function will test buildApp's default handling-behavior-behavior","         */","            local.testCase_buildReadme_default(options, local.onErrorThrow);","            local.testCase_buildLib_default(options, local.onErrorThrow);","            local.testCase_buildTest_default(options, local.onErrorThrow);","            local.testCase_buildCustomOrg_default(options, local.onErrorThrow);","            options = [];","            local.buildApp(options, onError);","        };","","        local.testCase_buildCustomOrg_default = local.testCase_buildCustomOrg_default ||","            function (options, onError) {","            /*","             * this function will test buildCustomOrg's default handling-behavior","             */","                options = {};","                local.buildCustomOrg(options, onError);","            };","","        local.testCase_buildLib_default = local.testCase_buildLib_default || function (","            options,","            onError","        ) {","        /*","         * this function will test buildLib's default handling-behavior","         */","            options = {};","            local.buildLib(options, onError);","        };","","        local.testCase_buildReadme_default = local.testCase_buildReadme_default || function (","            options,","            onError","        ) {","        /*","         * this function will test buildReadme's default handling-behavior-behavior","         */","            options = {};","            local.buildReadme(options, onError);","        };","","        local.testCase_buildTest_default = local.testCase_buildTest_default || function (","            options,","            onError","        ) {","        /*","         * this function will test buildTest's default handling-behavior","         */","            options = {};","            local.buildTest(options, onError);","        };","","        local.testCase_webpage_default = local.testCase_webpage_default || function (","            options,","            onError","        ) {","        /*","         * this function will test webpage's default handling-behavior","         */","            options = { modeCoverageMerge: true, url: local.serverLocalHost + '?modeTest=1' };","            local.browserTest(options, onError);","        };","","        // run test-server","        local.testRunServer(local);","        break;","    }","}());",""],"l":{"12":2,"14":2,"19":2,"21":2,"23":2,"24":2,"25":2,"30":1,"37":2,"40":2,"43":1,"47":1,"50":1,"52":1,"55":2,"61":2,"62":2,"64":2,"70":1,"76":1,"82":2,"83":2,"85":2,"91":1,"98":1,"102":1,"105":1,"112":1,"119":1,"120":1,"123":1,"130":1,"131":1,"132":1,"133":1,"134":1,"135":1,"138":1,"143":2,"144":2,"147":1,"154":2,"155":2,"158":1,"165":2,"166":2,"169":1,"176":2,"177":2,"180":1,"187":1,"188":1,"192":1,"193":1}},"/home/travis/build/npmtest/node-npmtest-flux/lib.npmtest_flux.js":{"path":"/home/travis/build/npmtest/node-npmtest-flux/lib.npmtest_flux.js","s":{"1":2,"2":2,"3":2,"4":2,"5":2,"6":2,"7":2,"8":1,"9":2,"10":2,"11":2,"12":2,"13":1,"14":1,"15":1,"16":1},"b":{"1":[2,1,1,1],"2":[1,1,1,1],"3":[1,1],"4":[2,2],"5":[1,1]},"f":{"1":2,"2":2,"3":2},"fnMap":{"1":{"name":"(anonymous_1)","line":12,"loc":{"start":{"line":12,"column":1},"end":{"line":12,"column":13}}},"2":{"name":"(anonymous_2)","line":19,"loc":{"start":{"line":19,"column":5},"end":{"line":19,"column":17}}},"3":{"name":"(anonymous_3)","line":23,"loc":{"start":{"line":23,"column":24},"end":{"line":23,"column":36}}}},"statementMap":{"1":{"start":{"line":12,"column":0},"end":{"line":53,"column":5}},"2":{"start":{"line":14,"column":4},"end":{"line":14,"column":14}},"3":{"start":{"line":19,"column":4},"end":{"line":52,"column":9}},"4":{"start":{"line":21,"column":8},"end":{"line":21,"column":19}},"5":{"start":{"line":23,"column":8},"end":{"line":35,"column":13}},"6":{"start":{"line":24,"column":12},"end":{"line":34,"column":13}},"7":{"start":{"line":25,"column":16},"end":{"line":28,"column":30}},"8":{"start":{"line":30,"column":16},"end":{"line":33,"column":27}},"9":{"start":{"line":37,"column":8},"end":{"line":39,"column":21}},"10":{"start":{"line":41,"column":8},"end":{"line":41,"column":54}},"11":{"start":{"line":43,"column":8},"end":{"line":43,"column":49}},"12":{"start":{"line":45,"column":8},"end":{"line":51,"column":9}},"13":{"start":{"line":46,"column":12},"end":{"line":46,"column":55}},"14":{"start":{"line":48,"column":12},"end":{"line":48,"column":35}},"15":{"start":{"line":49,"column":12},"end":{"line":49,"column":49}},"16":{"start":{"line":50,"column":12},"end":{"line":50,"column":43}}},"branchMap":{"1":{"line":25,"type":"binary-expr","locations":[{"start":{"line":25,"column":23},"end":{"line":25,"column":62}},{"start":{"line":26,"column":20},"end":{"line":26,"column":70}},{"start":{"line":27,"column":20},"end":{"line":27,"column":71}},{"start":{"line":28,"column":20},"end":{"line":28,"column":29}}]},"2":{"line":30,"type":"binary-expr","locations":[{"start":{"line":30,"column":23},"end":{"line":30,"column":37}},{"start":{"line":31,"column":20},"end":{"line":31,"column":61}},{"start":{"line":32,"column":20},"end":{"line":32,"column":70}},{"start":{"line":33,"column":20},"end":{"line":33,"column":26}}]},"3":{"line":37,"type":"cond-expr","locations":[{"start":{"line":38,"column":14},"end":{"line":38,"column":20}},{"start":{"line":39,"column":14},"end":{"line":39,"column":20}}]},"4":{"line":41,"type":"binary-expr","locations":[{"start":{"line":41,"column":16},"end":{"line":41,"column":44}},{"start":{"line":41,"column":48},"end":{"line":41,"column":53}}]},"5":{"line":45,"type":"if","locations":[{"start":{"line":45,"column":8},"end":{"line":45,"column":8}},{"start":{"line":45,"column":8},"end":{"line":45,"column":8}}]}},"code":["/* istanbul instrument in package npmtest_flux */","/*jslint","    bitwise: true,","    browser: true,","    maxerr: 8,","    maxlen: 96,","    node: true,","    nomen: true,","    regexp: true,","    stupid: true","*/","(function () {","    'use strict';","    var local;","","","","    // run shared js-env code - pre-init","    (function () {","        // init local","        local = {};","        // init modeJs","        local.modeJs = (function () {","            try {","                return typeof navigator.userAgent === 'string' &&","                    typeof document.querySelector('body') === 'object' &&","                    typeof XMLHttpRequest.prototype.open === 'function' &&","                    'browser';","            } catch (errorCaughtBrowser) {","                return module.exports &&","                    typeof process.versions.node === 'string' &&","                    typeof require('http').createServer === 'function' &&","                    'node';","            }","        }());","        // init global","        local.global = local.modeJs === 'browser'","            ? window","            : global;","        // init utility2_rollup","        local = local.global.utility2_rollup || local;","        // init lib","        local.local = local.npmtest_flux = local;","        // init exports","        if (local.modeJs === 'browser') {","            local.global.utility2_npmtest_flux = local;","        } else {","            module.exports = local;","            module.exports.__dirname = __dirname;","            module.exports.module = module;","        }","    }());","}());",""],"l":{"12":2,"14":2,"19":2,"21":2,"23":2,"24":2,"25":2,"30":1,"37":2,"41":2,"43":2,"45":2,"46":1,"48":1,"49":1,"50":1}},"/home/travis/build/npmtest/node-npmtest-flux/example.js":{"path":"/home/travis/build/npmtest/node-npmtest-flux/example.js","s":{"1":2,"2":2,"3":2,"4":2,"5":2,"6":2,"7":2,"8":1,"9":2,"10":2,"11":2,"12":2,"13":1,"14":2,"15":2,"16":2,"17":2,"18":2,"19":0,"20":2,"21":1,"22":1,"23":1,"24":1,"25":1,"26":0,"27":0,"28":1,"29":1,"30":2,"31":0,"32":0,"33":0,"34":1,"35":2,"36":2,"37":3,"38":3,"39":3,"40":3,"41":0,"42":3,"43":3,"44":3,"45":1,"46":3,"47":1,"48":1,"49":1,"50":1,"51":1,"52":1,"53":1,"54":1,"55":1,"56":1,"57":0,"58":1,"59":6,"60":6,"61":1,"62":2,"63":0,"64":2,"65":1,"66":1,"67":0,"68":0,"69":0,"70":0,"71":0,"72":0,"73":0,"74":0,"75":0,"76":0,"77":0,"78":0,"79":0,"80":0,"81":0,"82":0,"83":0},"b":{"1":[2,1,1,1],"2":[1,1,1,1],"3":[1,1],"4":[2,2],"5":[1,1],"6":[1,1],"7":[2,0],"8":[2,1,1,1,1,1],"9":[0,2,0],"10":[1,1],"11":[2,1,1],"12":[1,0],"13":[0,2],"14":[2,0,0,0,0,0,0],"15":[0,3],"16":[3,0],"17":[1,1],"18":[0,1],"19":[1,2,0,2],"20":[1,0],"21":[1,1],"22":[0,0],"23":[0,0],"24":[0,0],"25":[0,0],"26":[0,0],"27":[0,0],"28":[0,0]},"f":{"1":2,"2":2,"3":2,"4":2,"5":2,"6":2,"7":3,"8":3,"9":3,"10":1,"11":6,"12":0},"fnMap":{"1":{"name":"(anonymous_1)","line":26,"loc":{"start":{"line":26,"column":1},"end":{"line":26,"column":13}}},"2":{"name":"(anonymous_2)","line":33,"loc":{"start":{"line":33,"column":5},"end":{"line":33,"column":17}}},"3":{"name":"(anonymous_3)","line":37,"loc":{"start":{"line":37,"column":24},"end":{"line":37,"column":36}}},"4":{"name":"(anonymous_4)","line":69,"loc":{"start":{"line":69,"column":31},"end":{"line":69,"column":48}},"skip":true},"5":{"name":"(anonymous_5)","line":78,"loc":{"start":{"line":78,"column":26},"end":{"line":78,"column":45}},"skip":true},"6":{"name":"(anonymous_6)","line":123,"loc":{"start":{"line":123,"column":33},"end":{"line":123,"column":48}},"skip":true},"7":{"name":"(anonymous_7)","line":125,"loc":{"start":{"line":125,"column":27},"end":{"line":125,"column":39}},"skip":true},"8":{"name":"(anonymous_8)","line":133,"loc":{"start":{"line":133,"column":59},"end":{"line":133,"column":74}},"skip":true},"9":{"name":"(anonymous_9)","line":143,"loc":{"start":{"line":143,"column":45},"end":{"line":143,"column":62}},"skip":true},"10":{"name":"(anonymous_10)","line":144,"loc":{"start":{"line":144,"column":73},"end":{"line":144,"column":92}},"skip":true},"11":{"name":"(anonymous_11)","line":272,"loc":{"start":{"line":272,"column":51},"end":{"line":272,"column":77}},"skip":true},"12":{"name":"(anonymous_12)","line":315,"loc":{"start":{"line":315,"column":32},"end":{"line":315,"column":61}},"skip":true}},"statementMap":{"1":{"start":{"line":26,"column":0},"end":{"line":326,"column":5}},"2":{"start":{"line":28,"column":4},"end":{"line":28,"column":14}},"3":{"start":{"line":33,"column":4},"end":{"line":60,"column":9}},"4":{"start":{"line":35,"column":8},"end":{"line":35,"column":19}},"5":{"start":{"line":37,"column":8},"end":{"line":49,"column":13}},"6":{"start":{"line":38,"column":12},"end":{"line":48,"column":13}},"7":{"start":{"line":39,"column":16},"end":{"line":42,"column":30}},"8":{"start":{"line":44,"column":16},"end":{"line":47,"column":27}},"9":{"start":{"line":51,"column":8},"end":{"line":53,"column":21}},"10":{"start":{"line":55,"column":8},"end":{"line":57,"column":45}},"11":{"start":{"line":59,"column":8},"end":{"line":59,"column":35}},"12":{"start":{"line":61,"column":4},"end":{"line":325,"column":5}},"13":{"start":{"line":69,"column":8},"end":{"line":121,"column":10},"skip":true},"14":{"start":{"line":70,"column":12},"end":{"line":88,"column":13},"skip":true},"15":{"start":{"line":76,"column":16},"end":{"line":87,"column":19},"skip":true},"16":{"start":{"line":79,"column":20},"end":{"line":86,"column":21},"skip":true},"17":{"start":{"line":82,"column":24},"end":{"line":82,"column":43},"skip":true},"18":{"start":{"line":83,"column":24},"end":{"line":83,"column":30},"skip":true},"19":{"start":{"line":85,"column":24},"end":{"line":85,"column":49},"skip":true},"20":{"start":{"line":89,"column":12},"end":{"line":107,"column":13},"skip":true},"21":{"start":{"line":92,"column":16},"end":{"line":102,"column":17},"skip":true},"22":{"start":{"line":93,"column":20},"end":{"line":93,"column":86},"skip":true},"23":{"start":{"line":94,"column":20},"end":{"line":95,"column":45},"skip":true},"24":{"start":{"line":96,"column":20},"end":{"line":96,"column":42},"skip":true},"25":{"start":{"line":97,"column":20},"end":{"line":97,"column":48},"skip":true},"26":{"start":{"line":100,"column":20},"end":{"line":100,"column":85},"skip":true},"27":{"start":{"line":101,"column":20},"end":{"line":101,"column":96},"skip":true},"28":{"start":{"line":103,"column":16},"end":{"line":103,"column":22},"skip":true},"29":{"start":{"line":106,"column":16},"end":{"line":106,"column":22},"skip":true},"30":{"start":{"line":108,"column":12},"end":{"line":120,"column":13},"skip":true},"31":{"start":{"line":114,"column":16},"end":{"line":119,"column":17},"skip":true},"32":{"start":{"line":116,"column":20},"end":{"line":116,"column":78},"skip":true},"33":{"start":{"line":118,"column":20},"end":{"line":118,"column":47},"skip":true},"34":{"start":{"line":123,"column":8},"end":{"line":141,"column":11},"skip":true},"35":{"start":{"line":124,"column":12},"end":{"line":124,"column":54},"skip":true},"36":{"start":{"line":125,"column":12},"end":{"line":140,"column":14},"skip":true},"37":{"start":{"line":126,"column":16},"end":{"line":126,"column":28},"skip":true},"38":{"start":{"line":127,"column":16},"end":{"line":127,"column":69},"skip":true},"39":{"start":{"line":128,"column":16},"end":{"line":128,"column":75},"skip":true},"40":{"start":{"line":129,"column":16},"end":{"line":131,"column":17},"skip":true},"41":{"start":{"line":130,"column":20},"end":{"line":130,"column":27},"skip":true},"42":{"start":{"line":133,"column":16},"end":{"line":137,"column":36},"skip":true},"43":{"start":{"line":134,"column":20},"end":{"line":136,"column":55},"skip":true},"44":{"start":{"line":139,"column":16},"end":{"line":139,"column":57},"skip":true},"45":{"start":{"line":143,"column":8},"end":{"line":147,"column":11},"skip":true},"46":{"start":{"line":144,"column":12},"end":{"line":146,"column":15},"skip":true},"47":{"start":{"line":145,"column":16},"end":{"line":145,"column":70},"skip":true},"48":{"start":{"line":149,"column":8},"end":{"line":149,"column":31},"skip":true},"49":{"start":{"line":150,"column":8},"end":{"line":150,"column":14},"skip":true},"50":{"start":{"line":158,"column":8},"end":{"line":158,"column":31},"skip":true},"51":{"start":{"line":160,"column":8},"end":{"line":160,"column":33},"skip":true},"52":{"start":{"line":161,"column":8},"end":{"line":161,"column":37},"skip":true},"53":{"start":{"line":162,"column":8},"end":{"line":162,"column":35},"skip":true},"54":{"start":{"line":164,"column":8},"end":{"line":164,"column":50},"skip":true},"55":{"start":{"line":166,"column":8},"end":{"line":256,"column":2},"skip":true},"56":{"start":{"line":258,"column":8},"end":{"line":286,"column":9},"skip":true},"57":{"start":{"line":259,"column":12},"end":{"line":269,"column":14},"skip":true},"58":{"start":{"line":271,"column":12},"end":{"line":285,"column":19},"skip":true},"59":{"start":{"line":274,"column":20},"end":{"line":274,"column":35},"skip":true},"60":{"start":{"line":275,"column":20},"end":{"line":284,"column":21},"skip":true},"61":{"start":{"line":277,"column":24},"end":{"line":277,"column":64},"skip":true},"62":{"start":{"line":279,"column":24},"end":{"line":279,"column":40},"skip":true},"63":{"start":{"line":281,"column":24},"end":{"line":281,"column":40},"skip":true},"64":{"start":{"line":283,"column":24},"end":{"line":283,"column":39},"skip":true},"65":{"start":{"line":288,"column":8},"end":{"line":290,"column":9},"skip":true},"66":{"start":{"line":289,"column":12},"end":{"line":289,"column":18},"skip":true},"67":{"start":{"line":291,"column":8},"end":{"line":293,"column":54},"skip":true},"68":{"start":{"line":296,"column":8},"end":{"line":301,"column":37},"skip":true},"69":{"start":{"line":303,"column":8},"end":{"line":303,"column":82},"skip":true},"70":{"start":{"line":306,"column":8},"end":{"line":308,"column":9},"skip":true},"71":{"start":{"line":307,"column":12},"end":{"line":307,"column":82},"skip":true},"72":{"start":{"line":310,"column":8},"end":{"line":312,"column":9},"skip":true},"73":{"start":{"line":311,"column":12},"end":{"line":311,"column":18},"skip":true},"74":{"start":{"line":313,"column":8},"end":{"line":313,"column":54},"skip":true},"75":{"start":{"line":314,"column":8},"end":{"line":314,"column":69},"skip":true},"76":{"start":{"line":315,"column":8},"end":{"line":323,"column":36},"skip":true},"77":{"start":{"line":316,"column":12},"end":{"line":316,"column":61},"skip":true},"78":{"start":{"line":317,"column":12},"end":{"line":320,"column":13},"skip":true},"79":{"start":{"line":318,"column":16},"end":{"line":318,"column":75},"skip":true},"80":{"start":{"line":319,"column":16},"end":{"line":319,"column":23},"skip":true},"81":{"start":{"line":321,"column":12},"end":{"line":321,"column":38},"skip":true},"82":{"start":{"line":322,"column":12},"end":{"line":322,"column":27},"skip":true},"83":{"start":{"line":324,"column":8},"end":{"line":324,"column":14},"skip":true}},"branchMap":{"1":{"line":39,"type":"binary-expr","locations":[{"start":{"line":39,"column":23},"end":{"line":39,"column":62}},{"start":{"line":40,"column":20},"end":{"line":40,"column":70}},{"start":{"line":41,"column":20},"end":{"line":41,"column":71}},{"start":{"line":42,"column":20},"end":{"line":42,"column":29}}]},"2":{"line":44,"type":"binary-expr","locations":[{"start":{"line":44,"column":23},"end":{"line":44,"column":37}},{"start":{"line":45,"column":20},"end":{"line":45,"column":61}},{"start":{"line":46,"column":20},"end":{"line":46,"column":70}},{"start":{"line":47,"column":20},"end":{"line":47,"column":26}}]},"3":{"line":51,"type":"cond-expr","locations":[{"start":{"line":52,"column":14},"end":{"line":52,"column":20}},{"start":{"line":53,"column":14},"end":{"line":53,"column":20}}]},"4":{"line":55,"type":"binary-expr","locations":[{"start":{"line":55,"column":16},"end":{"line":55,"column":44}},{"start":{"line":55,"column":49},"end":{"line":57,"column":43}}]},"5":{"line":55,"type":"cond-expr","locations":[{"start":{"line":56,"column":14},"end":{"line":56,"column":48}},{"start":{"line":57,"column":14},"end":{"line":57,"column":43}}]},"6":{"line":61,"type":"switch","locations":[{"start":{"line":68,"column":4},"end":{"line":150,"column":14},"skip":true},{"start":{"line":156,"column":4},"end":{"line":324,"column":14},"skip":true}]},"7":{"line":70,"type":"if","locations":[{"start":{"line":70,"column":12},"end":{"line":70,"column":12},"skip":true},{"start":{"line":70,"column":12},"end":{"line":70,"column":12},"skip":true}]},"8":{"line":70,"type":"binary-expr","locations":[{"start":{"line":70,"column":16},"end":{"line":70,"column":22},"skip":true},{"start":{"line":70,"column":27},"end":{"line":70,"column":32},"skip":true},{"start":{"line":71,"column":20},"end":{"line":71,"column":39},"skip":true},{"start":{"line":72,"column":20},"end":{"line":72,"column":49},"skip":true},{"start":{"line":73,"column":20},"end":{"line":73,"column":58},"skip":true},{"start":{"line":74,"column":20},"end":{"line":74,"column":69},"skip":true}]},"9":{"line":79,"type":"switch","locations":[{"start":{"line":80,"column":20},"end":{"line":80,"column":33},"skip":true},{"start":{"line":81,"column":20},"end":{"line":83,"column":30},"skip":true},{"start":{"line":84,"column":20},"end":{"line":85,"column":49},"skip":true}]},"10":{"line":89,"type":"switch","locations":[{"start":{"line":90,"column":12},"end":{"line":103,"column":22},"skip":true},{"start":{"line":105,"column":12},"end":{"line":106,"column":22},"skip":true}]},"11":{"line":89,"type":"binary-expr","locations":[{"start":{"line":89,"column":20},"end":{"line":89,"column":25},"skip":true},{"start":{"line":89,"column":29},"end":{"line":89,"column":48},"skip":true},{"start":{"line":89,"column":52},"end":{"line":89,"column":74},"skip":true}]},"12":{"line":92,"type":"if","locations":[{"start":{"line":92,"column":16},"end":{"line":92,"column":16},"skip":true},{"start":{"line":92,"column":16},"end":{"line":92,"column":16},"skip":true}]},"13":{"line":108,"type":"if","locations":[{"start":{"line":108,"column":12},"end":{"line":108,"column":12},"skip":true},{"start":{"line":108,"column":12},"end":{"line":108,"column":12},"skip":true}]},"14":{"line":108,"type":"binary-expr","locations":[{"start":{"line":108,"column":16},"end":{"line":108,"column":61},"skip":true},{"start":{"line":108,"column":66},"end":{"line":108,"column":72},"skip":true},{"start":{"line":108,"column":77},"end":{"line":108,"column":82},"skip":true},{"start":{"line":109,"column":20},"end":{"line":109,"column":39},"skip":true},{"start":{"line":110,"column":20},"end":{"line":110,"column":49},"skip":true},{"start":{"line":111,"column":20},"end":{"line":111,"column":58},"skip":true},{"start":{"line":112,"column":20},"end":{"line":112,"column":68},"skip":true}]},"15":{"line":129,"type":"if","locations":[{"start":{"line":129,"column":16},"end":{"line":129,"column":16},"skip":true},{"start":{"line":129,"column":16},"end":{"line":129,"column":16},"skip":true}]},"16":{"line":134,"type":"cond-expr","locations":[{"start":{"line":135,"column":26},"end":{"line":135,"column":29},"skip":true},{"start":{"line":136,"column":26},"end":{"line":136,"column":54},"skip":true}]},"17":{"line":164,"type":"binary-expr","locations":[{"start":{"line":164,"column":27},"end":{"line":164,"column":43},"skip":true},{"start":{"line":164,"column":47},"end":{"line":164,"column":49},"skip":true}]},"18":{"line":258,"type":"if","locations":[{"start":{"line":258,"column":8},"end":{"line":258,"column":8},"skip":true},{"start":{"line":258,"column":8},"end":{"line":258,"column":8},"skip":true}]},"19":{"line":275,"type":"switch","locations":[{"start":{"line":276,"column":20},"end":{"line":277,"column":64},"skip":true},{"start":{"line":278,"column":20},"end":{"line":279,"column":40},"skip":true},{"start":{"line":280,"column":20},"end":{"line":281,"column":40},"skip":true},{"start":{"line":282,"column":20},"end":{"line":283,"column":39},"skip":true}]},"20":{"line":288,"type":"if","locations":[{"start":{"line":288,"column":8},"end":{"line":288,"column":8},"skip":true},{"start":{"line":288,"column":8},"end":{"line":288,"column":8},"skip":true}]},"21":{"line":288,"type":"binary-expr","locations":[{"start":{"line":288,"column":12},"end":{"line":288,"column":40},"skip":true},{"start":{"line":288,"column":44},"end":{"line":288,"column":67},"skip":true}]},"22":{"line":292,"type":"binary-expr","locations":[{"start":{"line":292,"column":12},"end":{"line":292,"column":50},"skip":true},{"start":{"line":293,"column":12},"end":{"line":293,"column":53},"skip":true}]},"23":{"line":297,"type":"binary-expr","locations":[{"start":{"line":297,"column":12},"end":{"line":297,"column":62},"skip":true},{"start":{"line":298,"column":12},"end":{"line":301,"column":36},"skip":true}]},"24":{"line":303,"type":"binary-expr","locations":[{"start":{"line":303,"column":43},"end":{"line":303,"column":75},"skip":true},{"start":{"line":303,"column":79},"end":{"line":303,"column":81},"skip":true}]},"25":{"line":306,"type":"if","locations":[{"start":{"line":306,"column":8},"end":{"line":306,"column":8},"skip":true},{"start":{"line":306,"column":8},"end":{"line":306,"column":8},"skip":true}]},"26":{"line":310,"type":"if","locations":[{"start":{"line":310,"column":8},"end":{"line":310,"column":8},"skip":true},{"start":{"line":310,"column":8},"end":{"line":310,"column":8},"skip":true}]},"27":{"line":313,"type":"binary-expr","locations":[{"start":{"line":313,"column":27},"end":{"line":313,"column":43},"skip":true},{"start":{"line":313,"column":47},"end":{"line":313,"column":53},"skip":true}]},"28":{"line":317,"type":"if","locations":[{"start":{"line":317,"column":12},"end":{"line":317,"column":12},"skip":true},{"start":{"line":317,"column":12},"end":{"line":317,"column":12},"skip":true}]}},"code":["/*","example.js","","quickstart example","","instruction","    1. save this script as example.js","    2. run the shell command:","        $ npm install npmtest-flux && PORT=8081 node example.js","    3. play with the browser-demo on http://127.0.0.1:8081","*/","","","","/* istanbul instrument in package npmtest_flux */","/*jslint","    bitwise: true,","    browser: true,","    maxerr: 8,","    maxlen: 96,","    node: true,","    nomen: true,","    regexp: true,","    stupid: true","*/","(function () {","    'use strict';","    var local;","","","","    // run shared js-env code - pre-init","    (function () {","        // init local","        local = {};","        // init modeJs","        local.modeJs = (function () {","            try {","                return typeof navigator.userAgent === 'string' &&","                    typeof document.querySelector('body') === 'object' &&","                    typeof XMLHttpRequest.prototype.open === 'function' &&","                    'browser';","            } catch (errorCaughtBrowser) {","                return module.exports &&","                    typeof process.versions.node === 'string' &&","                    typeof require('http').createServer === 'function' &&","                    'node';","            }","        }());","        // init global","        local.global = local.modeJs === 'browser'","            ? window","            : global;","        // init utility2_rollup","        local = local.global.utility2_rollup || (local.modeJs === 'browser'","            ? local.global.utility2_npmtest_flux","            : global.utility2_moduleExports);","        // export local","        local.global.local = local;","    }());","    switch (local.modeJs) {","","","","    // post-init","    // run browser js-env code - post-init","    /* istanbul ignore next */","    case 'browser':","        local.testRunBrowser = function (event) {","            if (!event || (event &&","                    event.currentTarget &&","                    event.currentTarget.className &&","                    event.currentTarget.className.includes &&","                    event.currentTarget.className.includes('onreset'))) {","                // reset output","                Array.from(","                    document.querySelectorAll('body > .resettable')","                ).forEach(function (element) {","                    switch (element.tagName) {","                    case 'INPUT':","                    case 'TEXTAREA':","                        element.value = '';","                        break;","                    default:","                        element.textContent = '';","                    }","                });","            }","            switch (event && event.currentTarget && event.currentTarget.id) {","            case 'testRunButton1':","                // show tests","                if (document.querySelector('#testReportDiv1').style.display === 'none') {","                    document.querySelector('#testReportDiv1').style.display = 'block';","                    document.querySelector('#testRunButton1').textContent =","                        'hide internal test';","                    local.modeTest = true;","                    local.testRunDefault(local);","                // hide tests","                } else {","                    document.querySelector('#testReportDiv1').style.display = 'none';","                    document.querySelector('#testRunButton1').textContent = 'run internal test';","                }","                break;","            // custom-case","            default:","                break;","            }","            if (document.querySelector('#inputTextareaEval1') && (!event || (event &&","                    event.currentTarget &&","                    event.currentTarget.className &&","                    event.currentTarget.className.includes &&","                    event.currentTarget.className.includes('oneval')))) {","                // try to eval input-code","                try {","                    /*jslint evil: true*/","                    eval(document.querySelector('#inputTextareaEval1').value);","                } catch (errorCaught) {","                    console.error(errorCaught);","                }","            }","        };","        // log stderr and stdout to #outputTextareaStdout1","        ['error', 'log'].forEach(function (key) {","            console[key + '_original'] = console[key];","            console[key] = function () {","                var element;","                console[key + '_original'].apply(console, arguments);","                element = document.querySelector('#outputTextareaStdout1');","                if (!element) {","                    return;","                }","                // append text to #outputTextareaStdout1","                element.value += Array.from(arguments).map(function (arg) {","                    return typeof arg === 'string'","                        ? arg","                        : JSON.stringify(arg, null, 4);","                }).join(' ') + '\\n';","                // scroll textarea to bottom","                element.scrollTop = element.scrollHeight;","            };","        });","        // init event-handling","        ['change', 'click', 'keyup'].forEach(function (event) {","            Array.from(document.querySelectorAll('.on' + event)).forEach(function (element) {","                element.addEventListener(event, local.testRunBrowser);","            });","        });","        // run tests","        local.testRunBrowser();","        break;","","","","    // run node js-env code - post-init","    /* istanbul ignore next */","    case 'node':","        // export local","        module.exports = local;","        // require modules","        local.fs = require('fs');","        local.http = require('http');","        local.url = require('url');","        // init assets","        local.assetsDict = local.assetsDict || {};","        /* jslint-ignore-begin */","        local.assetsDict['/assets.index.template.html'] = '\\","<!doctype html>\\n\\","<html lang=\"en\">\\n\\","<head>\\n\\","<meta charset=\"UTF-8\">\\n\\","<meta name=\"viewport\" content=\"width=device-width, initial-scale=1\">\\n\\","<title>{{env.npm_package_name}} (v{{env.npm_package_version}})</title>\\n\\","<style>\\n\\","/*csslint\\n\\","    box-sizing: false,\\n\\","    universal-selector: false\\n\\","*/\\n\\","* {\\n\\","    box-sizing: border-box;\\n\\","}\\n\\","body {\\n\\","    background: #dde;\\n\\","    font-family: Arial, Helvetica, sans-serif;\\n\\","    margin: 2rem;\\n\\","}\\n\\","body > * {\\n\\","    margin-bottom: 1rem;\\n\\","}\\n\\",".utility2FooterDiv {\\n\\","    margin-top: 20px;\\n\\","    text-align: center;\\n\\","}\\n\\","</style>\\n\\","<style>\\n\\","/*csslint\\n\\","*/\\n\\","textarea {\\n\\","    font-family: monospace;\\n\\","    height: 10rem;\\n\\","    width: 100%;\\n\\","}\\n\\","textarea[readonly] {\\n\\","    background: #ddd;\\n\\","}\\n\\","</style>\\n\\","</head>\\n\\","<body>\\n\\","<!-- utility2-comment\\n\\","<div id=\"ajaxProgressDiv1\" style=\"background: #d00; height: 2px; left: 0; margin: 0; padding: 0; position: fixed; top: 0; transition: background 0.5s, width 1.5s; width: 25%;\"></div>\\n\\","utility2-comment -->\\n\\","<h1>\\n\\","<!-- utility2-comment\\n\\","    <a\\n\\","        {{#if env.npm_package_homepage}}\\n\\","        href=\"{{env.npm_package_homepage}}\"\\n\\","        {{/if env.npm_package_homepage}}\\n\\","        target=\"_blank\"\\n\\","    >\\n\\","utility2-comment -->\\n\\","        {{env.npm_package_name}} (v{{env.npm_package_version}})\\n\\","<!-- utility2-comment\\n\\","    </a>\\n\\","utility2-comment -->\\n\\","</h1>\\n\\","<h3>{{env.npm_package_description}}</h3>\\n\\","<!-- utility2-comment\\n\\","<h4><a download href=\"assets.app.js\">download standalone app</a></h4>\\n\\","<button class=\"onclick onreset\" id=\"testRunButton1\">run internal test</button><br>\\n\\","<div id=\"testReportDiv1\" style=\"display: none;\"></div>\\n\\","utility2-comment -->\\n\\","\\n\\","\\n\\","\\n\\","<label>stderr and stdout</label>\\n\\","<textarea class=\"resettable\" id=\"outputTextareaStdout1\" readonly></textarea>\\n\\","<!-- utility2-comment\\n\\","{{#if isRollup}}\\n\\","<script src=\"assets.app.js\"></script>\\n\\","{{#unless isRollup}}\\n\\","utility2-comment -->\\n\\","<script src=\"assets.utility2.rollup.js\"></script>\\n\\","<script src=\"jsonp.utility2._stateInit?callback=window.utility2._stateInit\"></script>\\n\\","<script src=\"assets.npmtest_flux.rollup.js\"></script>\\n\\","<script src=\"assets.example.js\"></script>\\n\\","<script src=\"assets.test.js\"></script>\\n\\","<!-- utility2-comment\\n\\","{{/if isRollup}}\\n\\","utility2-comment -->\\n\\","<div class=\"utility2FooterDiv\">\\n\\","    [ this app was created with\\n\\","    <a href=\"https://github.com/kaizhu256/node-utility2\" target=\"_blank\">utility2</a>\\n\\","    ]\\n\\","</div>\\n\\","</body>\\n\\","</html>\\n\\","';","        /* jslint-ignore-end */","        if (local.templateRender) {","            local.assetsDict['/'] = local.templateRender(","                local.assetsDict['/assets.index.template.html'],","                {","                    env: local.objectSetDefault(local.env, {","                        npm_package_description: 'the greatest app in the world!',","                        npm_package_name: 'my-app',","                        npm_package_nameAlias: 'my_app',","                        npm_package_version: '0.0.1'","                    })","                }","            );","        } else {","            local.assetsDict['/'] = local.assetsDict['/assets.index.template.html']","                .replace((/\\{\\{env\\.(\\w+?)\\}\\}/g), function (match0, match1) {","                    // jslint-hack","                    String(match0);","                    switch (match1) {","                    case 'npm_package_description':","                        return 'the greatest app in the world!';","                    case 'npm_package_name':","                        return 'my-app';","                    case 'npm_package_nameAlias':","                        return 'my_app';","                    case 'npm_package_version':","                        return '0.0.1';","                    }","                });","        }","        // run the cli","        if (local.global.utility2_rollup || module !== require.main) {","            break;","        }","        local.assetsDict['/assets.example.js'] =","            local.assetsDict['/assets.example.js'] ||","            local.fs.readFileSync(__filename, 'utf8');","        // bug-workaround - long $npm_package_buildCustomOrg","        /* jslint-ignore-begin */","        local.assetsDict['/assets.npmtest_flux.rollup.js'] =","            local.assetsDict['/assets.npmtest_flux.rollup.js'] ||","            local.fs.readFileSync(","                local.npmtest_flux.__dirname + '/lib.npmtest_flux.js',","                'utf8'","            ).replace((/^#!/), '//');","        /* jslint-ignore-end */","        local.assetsDict['/favicon.ico'] = local.assetsDict['/favicon.ico'] || '';","        // if $npm_config_timeout_exit exists,","        // then exit this process after $npm_config_timeout_exit ms","        if (Number(process.env.npm_config_timeout_exit)) {","            setTimeout(process.exit, Number(process.env.npm_config_timeout_exit));","        }","        // start server","        if (local.global.utility2_serverHttp1) {","            break;","        }","        process.env.PORT = process.env.PORT || '8081';","        console.error('server starting on port ' + process.env.PORT);","        local.http.createServer(function (request, response) {","            request.urlParsed = local.url.parse(request.url);","            if (local.assetsDict[request.urlParsed.pathname] !== undefined) {","                response.end(local.assetsDict[request.urlParsed.pathname]);","                return;","            }","            response.statusCode = 404;","            response.end();","        }).listen(process.env.PORT);","        break;","    }","}());",""],"l":{"26":2,"28":2,"33":2,"35":2,"37":2,"38":2,"39":2,"44":1,"51":2,"55":2,"59":2,"61":2,"69":1,"70":2,"76":2,"79":2,"82":2,"83":2,"85":1,"89":2,"92":1,"93":1,"94":1,"96":1,"97":1,"100":1,"101":1,"103":1,"106":1,"108":2,"114":1,"116":1,"118":1,"123":1,"124":2,"125":2,"126":3,"127":3,"128":3,"129":3,"130":1,"133":3,"134":3,"139":3,"143":1,"144":3,"145":1,"149":1,"150":1,"158":1,"160":1,"161":1,"162":1,"164":1,"166":1,"258":1,"259":1,"271":1,"274":6,"275":6,"277":1,"279":2,"281":1,"283":2,"288":1,"289":1,"291":1,"296":1,"303":1,"306":1,"307":1,"310":1,"311":1,"313":1,"314":1,"315":1,"316":1,"317":1,"318":1,"319":1,"321":1,"322":1,"324":1}},"/home/travis/build/npmtest/node-npmtest-flux/node_modules/flux/index.js":{"path":"/home/travis/build/npmtest/node-npmtest-flux/node_modules/flux/index.js","s":{"1":1},"b":{},"f":{},"fnMap":{},"statementMap":{"1":{"start":{"line":10,"column":0},"end":{"line":10,"column":56}}},"branchMap":{},"code":["/**"," * Copyright (c) 2014-2015, Facebook, Inc."," * All rights reserved."," *"," * This source code is licensed under the BSD-style license found in the"," * LICENSE file in the root directory of this source tree. An additional grant"," * of patent rights can be found in the PATENTS file in the same directory."," */","","module.exports.Dispatcher = require('./lib/Dispatcher');",""],"l":{"10":1}},"/home/travis/build/npmtest/node-npmtest-flux/node_modules/flux/lib/Dispatcher.js":{"path":"/home/travis/build/npmtest/node-npmtest-flux/node_modules/flux/lib/Dispatcher.js","s":{"1":1,"2":1,"3":0,"4":0,"5":1,"6":1,"7":1,"8":1,"9":0,"10":0,"11":0,"12":0,"13":0,"14":0,"15":1,"16":0,"17":0,"18":0,"19":1,"20":0,"21":0,"22":1,"23":0,"24":0,"25":0,"26":0,"27":0,"28":0,"29":0,"30":0,"31":1,"32":0,"33":0,"34":0,"35":0,"36":0,"37":0,"38":0,"39":0,"40":1,"41":0,"42":1,"43":0,"44":0,"45":0,"46":1,"47":0,"48":0,"49":0,"50":0,"51":0,"52":1,"53":0,"54":0,"55":1,"56":1},"b":{"1":[0,0],"2":[0,0],"3":[0,0],"4":[0,0],"5":[0,0],"6":[0,0],"7":[0,0],"8":[0,0],"9":[0,0],"10":[0,0],"11":[0,0],"12":[0,0],"13":[0,0]},"f":{"1":0,"2":1,"3":0,"4":0,"5":0,"6":0,"7":0,"8":0,"9":0,"10":0,"11":0},"fnMap":{"1":{"name":"_classCallCheck","line":18,"loc":{"start":{"line":18,"column":0},"end":{"line":18,"column":48}}},"2":{"name":"(anonymous_2)","line":112,"loc":{"start":{"line":112,"column":18},"end":{"line":112,"column":30}}},"3":{"name":"Dispatcher","line":113,"loc":{"start":{"line":113,"column":2},"end":{"line":113,"column":24}}},"4":{"name":"register","line":128,"loc":{"start":{"line":128,"column":34},"end":{"line":128,"column":62}}},"5":{"name":"unregister","line":138,"loc":{"start":{"line":138,"column":36},"end":{"line":138,"column":60}}},"6":{"name":"waitFor","line":149,"loc":{"start":{"line":149,"column":33},"end":{"line":149,"column":55}}},"7":{"name":"dispatch","line":166,"loc":{"start":{"line":166,"column":34},"end":{"line":166,"column":61}}},"8":{"name":"isDispatching","line":185,"loc":{"start":{"line":185,"column":39},"end":{"line":185,"column":64}}},"9":{"name":"_invokeCallback","line":196,"loc":{"start":{"line":196,"column":41},"end":{"line":196,"column":70}}},"10":{"name":"_startDispatching","line":208,"loc":{"start":{"line":208,"column":43},"end":{"line":208,"column":79}}},"11":{"name":"_stopDispatching","line":223,"loc":{"start":{"line":223,"column":42},"end":{"line":223,"column":70}}}},"statementMap":{"1":{"start":{"line":16,"column":0},"end":{"line":16,"column":26}},"2":{"start":{"line":18,"column":0},"end":{"line":18,"column":153}},"3":{"start":{"line":18,"column":50},"end":{"line":18,"column":151}},"4":{"start":{"line":18,"column":92},"end":{"line":18,"column":149}},"5":{"start":{"line":20,"column":0},"end":{"line":20,"column":46}},"6":{"start":{"line":22,"column":0},"end":{"line":22,"column":20}},"7":{"start":{"line":112,"column":0},"end":{"line":229,"column":5}},"8":{"start":{"line":113,"column":2},"end":{"line":121,"column":3}},"9":{"start":{"line":114,"column":4},"end":{"line":114,"column":38}},"10":{"start":{"line":116,"column":4},"end":{"line":116,"column":25}},"11":{"start":{"line":117,"column":4},"end":{"line":117,"column":32}},"12":{"start":{"line":118,"column":4},"end":{"line":118,"column":25}},"13":{"start":{"line":119,"column":4},"end":{"line":119,"column":25}},"14":{"start":{"line":120,"column":4},"end":{"line":120,"column":21}},"15":{"start":{"line":128,"column":2},"end":{"line":132,"column":4}},"16":{"start":{"line":129,"column":4},"end":{"line":129,"column":38}},"17":{"start":{"line":130,"column":4},"end":{"line":130,"column":35}},"18":{"start":{"line":131,"column":4},"end":{"line":131,"column":14}},"19":{"start":{"line":138,"column":2},"end":{"line":141,"column":4}},"20":{"start":{"line":139,"column":4},"end":{"line":139,"column":194}},"21":{"start":{"line":140,"column":4},"end":{"line":140,"column":31}},"22":{"start":{"line":149,"column":2},"end":{"line":160,"column":4}},"23":{"start":{"line":150,"column":4},"end":{"line":150,"column":178}},"24":{"start":{"line":151,"column":4},"end":{"line":159,"column":5}},"25":{"start":{"line":152,"column":6},"end":{"line":152,"column":23}},"26":{"start":{"line":153,"column":6},"end":{"line":156,"column":7}},"27":{"start":{"line":154,"column":8},"end":{"line":154,"column":209}},"28":{"start":{"line":155,"column":8},"end":{"line":155,"column":17}},"29":{"start":{"line":157,"column":6},"end":{"line":157,"column":193}},"30":{"start":{"line":158,"column":6},"end":{"line":158,"column":31}},"31":{"start":{"line":166,"column":2},"end":{"line":179,"column":4}},"32":{"start":{"line":167,"column":4},"end":{"line":167,"column":188}},"33":{"start":{"line":168,"column":4},"end":{"line":168,"column":36}},"34":{"start":{"line":169,"column":4},"end":{"line":178,"column":5}},"35":{"start":{"line":170,"column":6},"end":{"line":175,"column":7}},"36":{"start":{"line":171,"column":8},"end":{"line":173,"column":9}},"37":{"start":{"line":172,"column":10},"end":{"line":172,"column":19}},"38":{"start":{"line":174,"column":8},"end":{"line":174,"column":33}},"39":{"start":{"line":177,"column":6},"end":{"line":177,"column":30}},"40":{"start":{"line":185,"column":2},"end":{"line":187,"column":4}},"41":{"start":{"line":186,"column":4},"end":{"line":186,"column":31}},"42":{"start":{"line":196,"column":2},"end":{"line":200,"column":4}},"43":{"start":{"line":197,"column":4},"end":{"line":197,"column":31}},"44":{"start":{"line":198,"column":4},"end":{"line":198,"column":46}},"45":{"start":{"line":199,"column":4},"end":{"line":199,"column":31}},"46":{"start":{"line":208,"column":2},"end":{"line":215,"column":4}},"47":{"start":{"line":209,"column":4},"end":{"line":212,"column":5}},"48":{"start":{"line":210,"column":6},"end":{"line":210,"column":34}},"49":{"start":{"line":211,"column":6},"end":{"line":211,"column":34}},"50":{"start":{"line":213,"column":4},"end":{"line":213,"column":35}},"51":{"start":{"line":214,"column":4},"end":{"line":214,"column":31}},"52":{"start":{"line":223,"column":2},"end":{"line":226,"column":4}},"53":{"start":{"line":224,"column":4},"end":{"line":224,"column":32}},"54":{"start":{"line":225,"column":4},"end":{"line":225,"column":32}},"55":{"start":{"line":228,"column":2},"end":{"line":228,"column":20}},"56":{"start":{"line":231,"column":0},"end":{"line":231,"column":28}}},"branchMap":{"1":{"line":18,"type":"if","locations":[{"start":{"line":18,"column":50},"end":{"line":18,"column":50}},{"start":{"line":18,"column":50},"end":{"line":18,"column":50}}]},"2":{"line":139,"type":"cond-expr","locations":[{"start":{"line":139,"column":27},"end":{"line":139,"column":181}},{"start":{"line":139,"column":184},"end":{"line":139,"column":193}}]},"3":{"line":139,"type":"cond-expr","locations":[{"start":{"line":139,"column":67},"end":{"line":139,"column":162}},{"start":{"line":139,"column":165},"end":{"line":139,"column":181}}]},"4":{"line":150,"type":"cond-expr","locations":[{"start":{"line":150,"column":27},"end":{"line":150,"column":165}},{"start":{"line":150,"column":168},"end":{"line":150,"column":177}}]},"5":{"line":150,"type":"cond-expr","locations":[{"start":{"line":150,"column":67},"end":{"line":150,"column":146}},{"start":{"line":150,"column":149},"end":{"line":150,"column":165}}]},"6":{"line":153,"type":"if","locations":[{"start":{"line":153,"column":6},"end":{"line":153,"column":6}},{"start":{"line":153,"column":6},"end":{"line":153,"column":6}}]},"7":{"line":154,"type":"cond-expr","locations":[{"start":{"line":154,"column":31},"end":{"line":154,"column":196}},{"start":{"line":154,"column":199},"end":{"line":154,"column":208}}]},"8":{"line":154,"type":"cond-expr","locations":[{"start":{"line":154,"column":71},"end":{"line":154,"column":177}},{"start":{"line":154,"column":180},"end":{"line":154,"column":196}}]},"9":{"line":157,"type":"cond-expr","locations":[{"start":{"line":157,"column":29},"end":{"line":157,"column":180}},{"start":{"line":157,"column":183},"end":{"line":157,"column":192}}]},"10":{"line":157,"type":"cond-expr","locations":[{"start":{"line":157,"column":69},"end":{"line":157,"column":161}},{"start":{"line":157,"column":164},"end":{"line":157,"column":180}}]},"11":{"line":167,"type":"cond-expr","locations":[{"start":{"line":167,"column":28},"end":{"line":167,"column":175}},{"start":{"line":167,"column":178},"end":{"line":167,"column":187}}]},"12":{"line":167,"type":"cond-expr","locations":[{"start":{"line":167,"column":68},"end":{"line":167,"column":156}},{"start":{"line":167,"column":159},"end":{"line":167,"column":175}}]},"13":{"line":171,"type":"if","locations":[{"start":{"line":171,"column":8},"end":{"line":171,"column":8}},{"start":{"line":171,"column":8},"end":{"line":171,"column":8}}]}},"code":["/**"," * Copyright (c) 2014-2015, Facebook, Inc."," * All rights reserved."," *"," * This source code is licensed under the BSD-style license found in the"," * LICENSE file in the root directory of this source tree. An additional grant"," * of patent rights can be found in the PATENTS file in the same directory."," *"," * @providesModule Dispatcher"," * "," * @preventMunge"," */","","'use strict';","","exports.__esModule = true;","","function _classCallCheck(instance, Constructor) { if (!(instance instanceof Constructor)) { throw new TypeError('Cannot call a class as a function'); } }","","var invariant = require('fbjs/lib/invariant');","","var _prefix = 'ID_';","","/**"," * Dispatcher is used to broadcast payloads to registered callbacks. This is"," * different from generic pub-sub systems in two ways:"," *"," *   1) Callbacks are not subscribed to particular events. Every payload is"," *      dispatched to every registered callback."," *   2) Callbacks can be deferred in whole or part until other callbacks have"," *      been executed."," *"," * For example, consider this hypothetical flight destination form, which"," * selects a default city when a country is selected:"," *"," *   var flightDispatcher = new Dispatcher();"," *"," *   // Keeps track of which country is selected"," *   var CountryStore = {country: null};"," *"," *   // Keeps track of which city is selected"," *   var CityStore = {city: null};"," *"," *   // Keeps track of the base flight price of the selected city"," *   var FlightPriceStore = {price: null}"," *"," * When a user changes the selected city, we dispatch the payload:"," *"," *   flightDispatcher.dispatch({"," *     actionType: 'city-update',"," *     selectedCity: 'paris'"," *   });"," *"," * This payload is digested by `CityStore`:"," *"," *   flightDispatcher.register(function(payload) {"," *     if (payload.actionType === 'city-update') {"," *       CityStore.city = payload.selectedCity;"," *     }"," *   });"," *"," * When the user selects a country, we dispatch the payload:"," *"," *   flightDispatcher.dispatch({"," *     actionType: 'country-update',"," *     selectedCountry: 'australia'"," *   });"," *"," * This payload is digested by both stores:"," *"," *   CountryStore.dispatchToken = flightDispatcher.register(function(payload) {"," *     if (payload.actionType === 'country-update') {"," *       CountryStore.country = payload.selectedCountry;"," *     }"," *   });"," *"," * When the callback to update `CountryStore` is registered, we save a reference"," * to the returned token. Using this token with `waitFor()`, we can guarantee"," * that `CountryStore` is updated before the callback that updates `CityStore`"," * needs to query its data."," *"," *   CityStore.dispatchToken = flightDispatcher.register(function(payload) {"," *     if (payload.actionType === 'country-update') {"," *       // `CountryStore.country` may not be updated."," *       flightDispatcher.waitFor([CountryStore.dispatchToken]);"," *       // `CountryStore.country` is now guaranteed to be updated."," *"," *       // Select the default city for the new country"," *       CityStore.city = getDefaultCityForCountry(CountryStore.country);"," *     }"," *   });"," *"," * The usage of `waitFor()` can be chained, for example:"," *"," *   FlightPriceStore.dispatchToken ="," *     flightDispatcher.register(function(payload) {"," *       switch (payload.actionType) {"," *         case 'country-update':"," *         case 'city-update':"," *           flightDispatcher.waitFor([CityStore.dispatchToken]);"," *           FlightPriceStore.price ="," *             getFlightPriceStore(CountryStore.country, CityStore.city);"," *           break;"," *     }"," *   });"," *"," * The `country-update` payload will be guaranteed to invoke the stores'"," * registered callbacks in order: `CountryStore`, `CityStore`, then"," * `FlightPriceStore`."," */","","var Dispatcher = (function () {","  function Dispatcher() {","    _classCallCheck(this, Dispatcher);","","    this._callbacks = {};","    this._isDispatching = false;","    this._isHandled = {};","    this._isPending = {};","    this._lastID = 1;","  }","","  /**","   * Registers a callback to be invoked with every dispatched payload. Returns","   * a token that can be used with `waitFor()`.","   */","","  Dispatcher.prototype.register = function register(callback) {","    var id = _prefix + this._lastID++;","    this._callbacks[id] = callback;","    return id;","  };","","  /**","   * Removes a callback based on its token.","   */","","  Dispatcher.prototype.unregister = function unregister(id) {","    !this._callbacks[id] ? process.env.NODE_ENV !== 'production' ? invariant(false, 'Dispatcher.unregister(...): `%s` does not map to a registered callback.', id) : invariant(false) : undefined;","    delete this._callbacks[id];","  };","","  /**","   * Waits for the callbacks specified to be invoked before continuing execution","   * of the current callback. This method should only be used by a callback in","   * response to a dispatched payload.","   */","","  Dispatcher.prototype.waitFor = function waitFor(ids) {","    !this._isDispatching ? process.env.NODE_ENV !== 'production' ? invariant(false, 'Dispatcher.waitFor(...): Must be invoked while dispatching.') : invariant(false) : undefined;","    for (var ii = 0; ii < ids.length; ii++) {","      var id = ids[ii];","      if (this._isPending[id]) {","        !this._isHandled[id] ? process.env.NODE_ENV !== 'production' ? invariant(false, 'Dispatcher.waitFor(...): Circular dependency detected while ' + 'waiting for `%s`.', id) : invariant(false) : undefined;","        continue;","      }","      !this._callbacks[id] ? process.env.NODE_ENV !== 'production' ? invariant(false, 'Dispatcher.waitFor(...): `%s` does not map to a registered callback.', id) : invariant(false) : undefined;","      this._invokeCallback(id);","    }","  };","","  /**","   * Dispatches a payload to all registered callbacks.","   */","","  Dispatcher.prototype.dispatch = function dispatch(payload) {","    !!this._isDispatching ? process.env.NODE_ENV !== 'production' ? invariant(false, 'Dispatch.dispatch(...): Cannot dispatch in the middle of a dispatch.') : invariant(false) : undefined;","    this._startDispatching(payload);","    try {","      for (var id in this._callbacks) {","        if (this._isPending[id]) {","          continue;","        }","        this._invokeCallback(id);","      }","    } finally {","      this._stopDispatching();","    }","  };","","  /**","   * Is this Dispatcher currently dispatching.","   */","","  Dispatcher.prototype.isDispatching = function isDispatching() {","    return this._isDispatching;","  };","","  /**","   * Call the callback stored with the given id. Also do some internal","   * bookkeeping.","   *","   * @internal","   */","","  Dispatcher.prototype._invokeCallback = function _invokeCallback(id) {","    this._isPending[id] = true;","    this._callbacks[id](this._pendingPayload);","    this._isHandled[id] = true;","  };","","  /**","   * Set up bookkeeping needed when dispatching.","   *","   * @internal","   */","","  Dispatcher.prototype._startDispatching = function _startDispatching(payload) {","    for (var id in this._callbacks) {","      this._isPending[id] = false;","      this._isHandled[id] = false;","    }","    this._pendingPayload = payload;","    this._isDispatching = true;","  };","","  /**","   * Clear bookkeeping used for dispatching.","   *","   * @internal","   */","","  Dispatcher.prototype._stopDispatching = function _stopDispatching() {","    delete this._pendingPayload;","    this._isDispatching = false;","  };","","  return Dispatcher;","})();","","module.exports = Dispatcher;"],"l":{"16":1,"18":1,"20":1,"22":1,"112":1,"113":1,"114":0,"116":0,"117":0,"118":0,"119":0,"120":0,"128":1,"129":0,"130":0,"131":0,"138":1,"139":0,"140":0,"149":1,"150":0,"151":0,"152":0,"153":0,"154":0,"155":0,"157":0,"158":0,"166":1,"167":0,"168":0,"169":0,"170":0,"171":0,"172":0,"174":0,"177":0,"185":1,"186":0,"196":1,"197":0,"198":0,"199":0,"208":1,"209":0,"210":0,"211":0,"213":0,"214":0,"223":1,"224":0,"225":0,"228":1,"231":1}},"/home/travis/build/npmtest/node-npmtest-flux/node_modules/flux/utils.js":{"path":"/home/travis/build/npmtest/node-npmtest-flux/node_modules/flux/utils.js","s":{"1":1,"2":1,"3":1,"4":1},"b":{},"f":{},"fnMap":{},"statementMap":{"1":{"start":{"line":10,"column":0},"end":{"line":10,"column":58}},"2":{"start":{"line":11,"column":0},"end":{"line":11,"column":56}},"3":{"start":{"line":12,"column":0},"end":{"line":12,"column":62}},"4":{"start":{"line":13,"column":0},"end":{"line":13,"column":50}}},"branchMap":{},"code":["/**"," * Copyright (c) 2014-2015, Facebook, Inc."," * All rights reserved."," *"," * This source code is licensed under the BSD-style license found in the"," * LICENSE file in the root directory of this source tree. An additional grant"," * of patent rights can be found in the PATENTS file in the same directory."," */","","module.exports.Container = require('./lib/FluxContainer');","module.exports.Mixin = require('./lib/FluxMixinLegacy');","module.exports.ReduceStore = require('./lib/FluxReduceStore');","module.exports.Store = require('./lib/FluxStore');",""],"l":{"10":1,"11":1,"12":1,"13":1}},"/home/travis/build/npmtest/node-npmtest-flux/node_modules/flux/lib/FluxContainer.js":{"path":"/home/travis/build/npmtest/node-npmtest-flux/node_modules/flux/lib/FluxContainer.js","s":{"1":1,"2":0,"3":0,"4":0,"5":0,"6":0,"7":0,"8":1,"9":0,"10":0,"11":1,"12":0,"13":0,"14":0,"15":0,"16":0,"17":1,"18":1,"19":1,"20":1,"21":1,"22":1,"23":1,"24":0,"25":0,"26":0,"27":0,"28":0,"29":0,"30":0,"31":0,"32":0,"33":0,"34":0,"35":0,"36":1,"37":0,"38":0,"39":0,"40":0,"41":0,"42":0,"43":0,"44":0,"45":0,"46":0,"47":0,"48":0,"49":0,"50":0,"51":0,"52":0,"53":0,"54":0,"55":0,"56":0,"57":0,"58":0,"59":0,"60":0,"61":0,"62":0,"63":1,"64":0,"65":0,"66":1,"67":0,"68":0,"69":0,"70":0,"71":0,"72":0,"73":1,"74":0,"75":0,"76":1,"77":0,"78":0,"79":1,"80":0,"81":0,"82":0,"83":0,"84":0,"85":0,"86":0,"87":0,"88":0,"89":0,"90":0,"91":0,"92":1},"b":{"1":[1,0],"2":[0,0],"3":[0,0],"4":[0,0],"5":[0,0],"6":[0,0],"7":[0,0],"8":[0,0],"9":[0,0],"10":[0,0],"11":[0,0],"12":[0,0],"13":[0,0],"14":[0,0],"15":[0,0],"16":[0,0],"17":[0,0],"18":[0,0],"19":[0,0],"20":[0,0],"21":[0,0],"22":[0,0],"23":[0,0],"24":[0,0],"25":[0,0],"26":[0,0,0]},"f":{"1":0,"2":0,"3":0,"4":0,"5":0,"6":0,"7":0,"8":0,"9":0,"10":0,"11":0,"12":0,"13":0,"14":0,"15":0,"16":0,"17":0,"18":0,"19":0,"20":0,"21":0,"22":0,"23":0,"24":0},"fnMap":{"1":{"name":"(anonymous_1)","line":15,"loc":{"start":{"line":15,"column":32},"end":{"line":15,"column":50}}},"2":{"name":"_classCallCheck","line":17,"loc":{"start":{"line":17,"column":0},"end":{"line":17,"column":48}}},"3":{"name":"_inherits","line":19,"loc":{"start":{"line":19,"column":0},"end":{"line":19,"column":41}}},"4":{"name":"create","line":101,"loc":{"start":{"line":101,"column":0},"end":{"line":101,"column":31}}},"5":{"name":"(anonymous_5)","line":107,"loc":{"start":{"line":107,"column":17},"end":{"line":107,"column":60}}},"6":{"name":"(anonymous_6)","line":113,"loc":{"start":{"line":113,"column":18},"end":{"line":113,"column":54}}},"7":{"name":"(anonymous_7)","line":121,"loc":{"start":{"line":121,"column":24},"end":{"line":121,"column":41}}},"8":{"name":"ContainerClass","line":124,"loc":{"start":{"line":124,"column":4},"end":{"line":124,"column":44}}},"9":{"name":"(anonymous_9)","line":132,"loc":{"start":{"line":132,"column":51},"end":{"line":132,"column":63}}},"10":{"name":"(anonymous_10)","line":133,"loc":{"start":{"line":133,"column":23},"end":{"line":133,"column":58}}},"11":{"name":"componentWillReceiveProps","line":145,"loc":{"start":{"line":145,"column":57},"end":{"line":145,"column":116}}},"12":{"name":"(anonymous_12)","line":153,"loc":{"start":{"line":153,"column":22},"end":{"line":153,"column":43}}},"13":{"name":"componentWillUnmount","line":159,"loc":{"start":{"line":159,"column":52},"end":{"line":159,"column":84}}},"14":{"name":"createPureComponent","line":178,"loc":{"start":{"line":178,"column":0},"end":{"line":178,"column":44}}},"15":{"name":"(anonymous_15)","line":179,"loc":{"start":{"line":179,"column":23},"end":{"line":179,"column":49}}},"16":{"name":"PureComponent","line":182,"loc":{"start":{"line":182,"column":4},"end":{"line":182,"column":29}}},"17":{"name":"shouldComponentUpdate","line":188,"loc":{"start":{"line":188,"column":52},"end":{"line":188,"column":105}}},"18":{"name":"enforceInterface","line":198,"loc":{"start":{"line":198,"column":0},"end":{"line":198,"column":29}}},"19":{"name":"createFunctional","line":235,"loc":{"start":{"line":235,"column":0},"end":{"line":235,"column":72}}},"20":{"name":"(anonymous_20)","line":236,"loc":{"start":{"line":236,"column":29},"end":{"line":236,"column":51}}},"21":{"name":"FunctionalContainer","line":239,"loc":{"start":{"line":239,"column":4},"end":{"line":239,"column":35}}},"22":{"name":"getStores","line":247,"loc":{"start":{"line":247,"column":36},"end":{"line":247,"column":71}}},"23":{"name":"calculateState","line":251,"loc":{"start":{"line":251,"column":41},"end":{"line":251,"column":92}}},"24":{"name":"render","line":255,"loc":{"start":{"line":255,"column":43},"end":{"line":255,"column":61}}}},"statementMap":{"1":{"start":{"line":15,"column":0},"end":{"line":15,"column":257}},"2":{"start":{"line":15,"column":52},"end":{"line":15,"column":239}},"3":{"start":{"line":15,"column":97},"end":{"line":15,"column":123}},"4":{"start":{"line":15,"column":124},"end":{"line":15,"column":237}},"5":{"start":{"line":15,"column":150},"end":{"line":15,"column":235}},"6":{"start":{"line":15,"column":207},"end":{"line":15,"column":233}},"7":{"start":{"line":15,"column":240},"end":{"line":15,"column":254}},"8":{"start":{"line":17,"column":0},"end":{"line":17,"column":153}},"9":{"start":{"line":17,"column":50},"end":{"line":17,"column":151}},"10":{"start":{"line":17,"column":92},"end":{"line":17,"column":149}},"11":{"start":{"line":19,"column":0},"end":{"line":19,"column":494}},"12":{"start":{"line":19,"column":43},"end":{"line":19,"column":208}},"13":{"start":{"line":19,"column":106},"end":{"line":19,"column":206}},"14":{"start":{"line":19,"column":209},"end":{"line":19,"column":373}},"15":{"start":{"line":19,"column":374},"end":{"line":19,"column":492}},"16":{"start":{"line":19,"column":390},"end":{"line":19,"column":492}},"17":{"start":{"line":21,"column":0},"end":{"line":21,"column":73}},"18":{"start":{"line":22,"column":0},"end":{"line":22,"column":29}},"19":{"start":{"line":24,"column":0},"end":{"line":24,"column":46}},"20":{"start":{"line":25,"column":0},"end":{"line":25,"column":52}},"21":{"start":{"line":27,"column":0},"end":{"line":27,"column":32}},"22":{"start":{"line":29,"column":0},"end":{"line":33,"column":2}},"23":{"start":{"line":101,"column":0},"end":{"line":176,"column":1}},"24":{"start":{"line":102,"column":2},"end":{"line":102,"column":25}},"25":{"start":{"line":105,"column":2},"end":{"line":105,"column":65}},"26":{"start":{"line":107,"column":2},"end":{"line":111,"column":4}},"27":{"start":{"line":108,"column":4},"end":{"line":108,"column":63}},"28":{"start":{"line":109,"column":4},"end":{"line":109,"column":69}},"29":{"start":{"line":110,"column":4},"end":{"line":110,"column":54}},"30":{"start":{"line":113,"column":2},"end":{"line":117,"column":4}},"31":{"start":{"line":114,"column":4},"end":{"line":114,"column":63}},"32":{"start":{"line":115,"column":4},"end":{"line":115,"column":69}},"33":{"start":{"line":116,"column":4},"end":{"line":116,"column":42}},"34":{"start":{"line":121,"column":2},"end":{"line":168,"column":11}},"35":{"start":{"line":122,"column":4},"end":{"line":122,"column":37}},"36":{"start":{"line":124,"column":4},"end":{"line":139,"column":5}},"37":{"start":{"line":125,"column":6},"end":{"line":125,"column":23}},"38":{"start":{"line":127,"column":6},"end":{"line":127,"column":44}},"39":{"start":{"line":129,"column":6},"end":{"line":129,"column":39}},"40":{"start":{"line":130,"column":6},"end":{"line":130,"column":74}},"41":{"start":{"line":131,"column":6},"end":{"line":131,"column":67}},"42":{"start":{"line":132,"column":6},"end":{"line":136,"column":9}},"43":{"start":{"line":133,"column":8},"end":{"line":135,"column":11}},"44":{"start":{"line":134,"column":10},"end":{"line":134,"column":60}},"45":{"start":{"line":137,"column":6},"end":{"line":137,"column":64}},"46":{"start":{"line":138,"column":6},"end":{"line":138,"column":67}},"47":{"start":{"line":145,"column":4},"end":{"line":157,"column":6}},"48":{"start":{"line":146,"column":6},"end":{"line":148,"column":7}},"49":{"start":{"line":147,"column":8},"end":{"line":147,"column":85}},"50":{"start":{"line":150,"column":6},"end":{"line":156,"column":7}},"51":{"start":{"line":152,"column":8},"end":{"line":152,"column":86}},"52":{"start":{"line":153,"column":8},"end":{"line":155,"column":11}},"53":{"start":{"line":154,"column":10},"end":{"line":154,"column":61}},"54":{"start":{"line":159,"column":4},"end":{"line":165,"column":6}},"55":{"start":{"line":160,"column":6},"end":{"line":162,"column":7}},"56":{"start":{"line":161,"column":8},"end":{"line":161,"column":56}},"57":{"start":{"line":164,"column":6},"end":{"line":164,"column":47}},"58":{"start":{"line":167,"column":4},"end":{"line":167,"column":26}},"59":{"start":{"line":170,"column":2},"end":{"line":170,"column":90}},"60":{"start":{"line":173,"column":2},"end":{"line":173,"column":52}},"61":{"start":{"line":174,"column":2},"end":{"line":174,"column":65}},"62":{"start":{"line":175,"column":2},"end":{"line":175,"column":19}},"63":{"start":{"line":178,"column":0},"end":{"line":196,"column":1}},"64":{"start":{"line":179,"column":2},"end":{"line":193,"column":20}},"65":{"start":{"line":180,"column":4},"end":{"line":180,"column":45}},"66":{"start":{"line":182,"column":4},"end":{"line":186,"column":5}},"67":{"start":{"line":183,"column":6},"end":{"line":183,"column":43}},"68":{"start":{"line":185,"column":6},"end":{"line":185,"column":44}},"69":{"start":{"line":188,"column":4},"end":{"line":190,"column":6}},"70":{"start":{"line":189,"column":6},"end":{"line":189,"column":90}},"71":{"start":{"line":192,"column":4},"end":{"line":192,"column":25}},"72":{"start":{"line":195,"column":2},"end":{"line":195,"column":23}},"73":{"start":{"line":198,"column":0},"end":{"line":201,"column":1}},"74":{"start":{"line":199,"column":2},"end":{"line":199,"column":178}},"75":{"start":{"line":200,"column":2},"end":{"line":200,"column":188}},"76":{"start":{"line":235,"column":0},"end":{"line":265,"column":1}},"77":{"start":{"line":236,"column":2},"end":{"line":260,"column":16}},"78":{"start":{"line":237,"column":4},"end":{"line":237,"column":47}},"79":{"start":{"line":239,"column":4},"end":{"line":243,"column":5}},"80":{"start":{"line":240,"column":6},"end":{"line":240,"column":49}},"81":{"start":{"line":242,"column":6},"end":{"line":242,"column":40}},"82":{"start":{"line":247,"column":4},"end":{"line":249,"column":6}},"83":{"start":{"line":248,"column":6},"end":{"line":248,"column":40}},"84":{"start":{"line":251,"column":4},"end":{"line":253,"column":6}},"85":{"start":{"line":252,"column":6},"end":{"line":252,"column":56}},"86":{"start":{"line":255,"column":4},"end":{"line":257,"column":6}},"87":{"start":{"line":256,"column":6},"end":{"line":256,"column":32}},"88":{"start":{"line":259,"column":4},"end":{"line":259,"column":31}},"89":{"start":{"line":262,"column":2},"end":{"line":262,"column":78}},"90":{"start":{"line":263,"column":2},"end":{"line":263,"column":47}},"91":{"start":{"line":264,"column":2},"end":{"line":264,"column":46}},"92":{"start":{"line":267,"column":0},"end":{"line":267,"column":72}}},"branchMap":{"1":{"line":15,"type":"binary-expr","locations":[{"start":{"line":15,"column":15},"end":{"line":15,"column":28}},{"start":{"line":15,"column":32},"end":{"line":15,"column":256}}]},"2":{"line":15,"type":"if","locations":[{"start":{"line":15,"column":150},"end":{"line":15,"column":150}},{"start":{"line":15,"column":150},"end":{"line":15,"column":150}}]},"3":{"line":17,"type":"if","locations":[{"start":{"line":17,"column":50},"end":{"line":17,"column":50}},{"start":{"line":17,"column":50},"end":{"line":17,"column":50}}]},"4":{"line":19,"type":"if","locations":[{"start":{"line":19,"column":43},"end":{"line":19,"column":43}},{"start":{"line":19,"column":43},"end":{"line":19,"column":43}}]},"5":{"line":19,"type":"binary-expr","locations":[{"start":{"line":19,"column":47},"end":{"line":19,"column":79}},{"start":{"line":19,"column":83},"end":{"line":19,"column":102}}]},"6":{"line":19,"type":"binary-expr","locations":[{"start":{"line":19,"column":244},"end":{"line":19,"column":254}},{"start":{"line":19,"column":258},"end":{"line":19,"column":278}}]},"7":{"line":19,"type":"if","locations":[{"start":{"line":19,"column":374},"end":{"line":19,"column":374}},{"start":{"line":19,"column":374},"end":{"line":19,"column":374}}]},"8":{"line":19,"type":"cond-expr","locations":[{"start":{"line":19,"column":414},"end":{"line":
[...]
16,"column":390},"end":{"line":16,"column":492}},"10":{"start":{"line":18,"column":0},"end":{"line":18,"column":39}},"11":{"start":{"line":20,"column":0},"end":{"line":20,"column":49}},"12":{"start":{"line":21,"column":0},"end":{"line":21,"column":46}},"13":{"start":{"line":45,"column":0},"end":{"line":116,"column":14}},"14":{"start":{"line":46,"column":2},"end":{"line":46,"column":41}},"15":{"start":{"line":48,"column":2},"end":{"line":53,"column":3}},"16":{"start":{"line":49,"column":4},"end":{"line":49,"column":43}},"17":{"start":{"line":51,"column":4},"end":{"line":51,"column":38}},"18":{"start":{"line":52,"column":4},"end":{"line":52,"column":41}},"19":{"start":{"line":60,"column":2},"end":{"line":62,"column":4}},"20":{"start":{"line":61,"column":4},"end":{"line":61,"column":23}},"21":{"start":{"line":69,"column":2},"end":{"line":71,"column":4}},"22":{"start":{"line":70,"column":4},"end":{"line":70,"column":64}},"23":{"start":{"line":78,"column":2},"end":{"line":80,"column":4}},"24":{"start":{"line":79,"column":4},"end":{"line":79,"column":55}},"25":{"start":{"line":87,"column":2},"end":{"line":89,"column":4}},"26":{"start":{"line":88,"column":4},"end":{"line":88,"column":23}},"27":{"start":{"line":91,"column":2},"end":{"line":113,"column":4}},"28":{"start":{"line":92,"column":4},"end":{"line":92,"column":27}},"29":{"start":{"line":95,"column":4},"end":{"line":95,"column":36}},"30":{"start":{"line":96,"column":4},"end":{"line":96,"column":57}},"31":{"start":{"line":99,"column":4},"end":{"line":99,"column":281}},"32":{"start":{"line":101,"column":4},"end":{"line":108,"column":5}},"33":{"start":{"line":102,"column":6},"end":{"line":102,"column":32}},"34":{"start":{"line":107,"column":6},"end":{"line":107,"column":26}},"35":{"start":{"line":110,"column":4},"end":{"line":112,"column":5}},"36":{"start":{"line":111,"column":6},"end":{"line":111,"column":46}},"37":{"start":{"line":115,"column":2},"end":{"line":115,"column":25}},"38":{"start":{"line":118,"column":0},"end":{"line":118,"column":33}}},"branchMap":{"1":{"line":14,"type":"if","locations":[{"start":{"line":14,"column":50},"end":{"line":14,"column":50}},{"start":{"line":14,"column":50},"end":{"line":14,"column":50}}]},"2":{"line":16,"type":"if","locations":[{"start":{"line":16,"column":43},"end":{"line":16,"column":43}},{"start":{"line":16,"column":43},"end":{"line":16,"column":43}}]},"3":{"line":16,"type":"binary-expr","locations":[{"start":{"line":16,"column":47},"end":{"line":16,"column":79}},{"start":{"line":16,"column":83},"end":{"line":16,"column":102}}]},"4":{"line":16,"type":"binary-expr","locations":[{"start":{"line":16,"column":244},"end":{"line":16,"column":254}},{"start":{"line":16,"column":258},"end":{"line":16,"column":278}}]},"5":{"line":16,"type":"if","locations":[{"start":{"line":16,"column":374},"end":{"line":16,"column":374}},{"start":{"line":16,"column":374},"end":{"line":16,"column":374}}]},"6":{"line":16,"type":"cond-expr","locations":[{"start":{"line":16,"column":414},"end":{"line":16,"column":457}},{"start":{"line":16,"column":460},"end":{"line":16,"column":491}}]},"7":{"line":99,"type":"cond-expr","locations":[{"start":{"line":99,"column":35},"end":{"line":99,"column":268}},{"start":{"line":99,"column":271},"end":{"line":99,"column":280}}]},"8":{"line":99,"type":"cond-expr","locations":[{"start":{"line":99,"column":75},"end":{"line":99,"column":249}},{"start":{"line":99,"column":252},"end":{"line":99,"column":268}}]},"9":{"line":101,"type":"if","locations":[{"start":{"line":101,"column":4},"end":{"line":101,"column":4}},{"start":{"line":101,"column":4},"end":{"line":101,"column":4}}]},"10":{"line":110,"type":"if","locations":[{"start":{"line":110,"column":4},"end":{"line":110,"column":4}},{"start":{"line":110,"column":4},"end":{"line":110,"column":4}}]}},"code":["/**"," * Copyright (c) 2014-present, Facebook, Inc. All rights reserved."," *"," * This source code is licensed under the BSD-style license found in the"," * LICENSE file in the root directory of this source tree. An additional grant"," * of patent rights can be found in the PATENTS file in the same directory."," *"," * @providesModule FluxReduceStore"," * "," */","","'use strict';","","function _classCallCheck(instance, Constructor) { if (!(instance instanceof Constructor)) { throw new TypeError('Cannot call a class as a function'); } }","","function _inherits(subClass, superClass) { if (typeof superClass !== 'function' && superClass !== null) { throw new TypeError('Super expression must either be null or a function, not ' + typeof superClass); } subClass.prototype = Object.create(superClass && superClass.prototype, { constructor: { value: subClass, enumerable: false, writable: true, configurable: true } }); if (superClass) Object.setPrototypeOf ? Object.setPrototypeOf(subClass, superClass) : subClass.__proto__ = superClass; }","","var FluxStore = require('./FluxStore');","","var abstractMethod = require('./abstractMethod');","var invariant = require('fbjs/lib/invariant');","","/**"," * This is the basic building block of a Flux application. All of your stores"," * should extend this class."," *"," *   class CounterStore extends FluxReduceStore<number> {"," *     getInitialState(): number {"," *       return 1;"," *     }"," *"," *     reduce(state: number, action: Object): number {"," *       switch(action.type) {"," *         case: 'add':"," *           return state + action.value;"," *         case: 'double':"," *           return state * 2;"," *         default:"," *           return state;"," *       }"," *     }"," *   }"," */","","var FluxReduceStore = (function (_FluxStore) {","  _inherits(FluxReduceStore, _FluxStore);","","  function FluxReduceStore(dispatcher) {","    _classCallCheck(this, FluxReduceStore);","","    _FluxStore.call(this, dispatcher);","    this._state = this.getInitialState();","  }","","  /**","   * Getter that exposes the entire state of this store. If your state is not","   * immutable you should override this and not expose _state directly.","   */","","  FluxReduceStore.prototype.getState = function getState() {","    return this._state;","  };","","  /**","   * Constructs the initial state for this store. This is called once during","   * construction of the store.","   */","","  FluxReduceStore.prototype.getInitialState = function getInitialState() {","    return abstractMethod('FluxReduceStore', 'getInitialState');","  };","","  /**","   * Used to reduce a stream of actions coming from the dispatcher into a","   * single state object.","   */","","  FluxReduceStore.prototype.reduce = function reduce(state, action) {","    return abstractMethod('FluxReduceStore', 'reduce');","  };","","  /**","   * Checks if two versions of state are the same. You do not need to override","   * this if your state is immutable.","   */","","  FluxReduceStore.prototype.areEqual = function areEqual(one, two) {","    return one === two;","  };","","  FluxReduceStore.prototype.__invokeOnDispatch = function __invokeOnDispatch(action) {","    this.__changed = false;","","    // Reduce the stream of incoming actions to state, update when necessary.","    var startingState = this._state;","    var endingState = this.reduce(startingState, action);","","    // This means your ending state should never be undefined.","    !(endingState !== undefined) ? process.env.NODE_ENV !== 'production' ? invariant(false, '%s returned undefined from reduce(...), did you forget to return ' + 'state in the default case? (use null if this was intentional)', this.constructor.name) : invariant(false) : undefined;","","    if (!this.areEqual(startingState, endingState)) {","      this._state = endingState;","","      // `__emitChange()` sets `this.__changed` to true and then the actual","      // change will be fired from the emitter at the end of the dispatch, this","      // is required in order to support methods like `hasChanged()`","      this.__emitChange();","    }","","    if (this.__changed) {","      this.__emitter.emit(this.__changeEvent);","    }","  };","","  return FluxReduceStore;","})(FluxStore);","","module.exports = FluxReduceStore;"],"l":{"14":1,"16":1,"18":1,"20":1,"21":1,"45":1,"46":1,"48":1,"49":0,"51":0,"52":0,"60":1,"61":0,"69":1,"70":0,"78":1,"79":0,"87":1,"88":0,"91":1,"92":0,"95":0,"96":0,"99":0,"101":0,"102":0,"107":0,"110":0,"111":0,"115":1,"118":1}},"/home/travis/build/npmtest/node-npmtest-flux/node_modules/flux/lib/FluxStore.js":{"path":"/home/travis/build/npmtest/node-npmtest-flux/node_modules/flux/lib/FluxStore.js","s":{"1":1,"2":0,"3":0,"4":1,"5":1,"6":1,"7":1,"8":1,"9":0,"10":0,"11":0,"12":0,"13":0,"14":0,"15":0,"16":0,"17":0,"18":1,"19":0,"20":1,"21":0,"22":1,"23":0,"24":1,"25":0,"26":0,"27":1,"28":0,"29":0,"30":1,"31":0,"32":0,"33":0,"34":0,"35":1,"36":0,"37":1,"38":1},"b":{"1":[0,0],"2":[0,0],"3":[0,0],"4":[0,0],"5":[0,0],"6":[0,0],"7":[0,0],"8":[0,0]},"f":{"1":0,"2":1,"3":0,"4":0,"5":0,"6":0,"7":0,"8":0,"9":0,"10":0,"11":0},"fnMap":{"1":{"name":"_classCallCheck","line":14,"loc":{"start":{"line":14,"column":0},"end":{"line":14,"column":48}}},"2":{"name":"(anonymous_2)","line":28,"loc":{"start":{"line":28,"column":17},"end":{"line":28,"column":29}}},"3":{"name":"FluxStore","line":29,"loc":{"start":{"line":29,"column":2},"end":{"line":29,"column":33}}},"4":{"name":"(anonymous_4)","line":40,"loc":{"start":{"line":40,"column":46},"end":{"line":40,"column":65}}},"5":{"name":"addListener","line":45,"loc":{"start":{"line":45,"column":36},"end":{"line":45,"column":67}}},"6":{"name":"getDispatcher","line":49,"loc":{"start":{"line":49,"column":38},"end":{"line":49,"column":63}}},"7":{"name":"getDispatchToken","line":59,"loc":{"start":{"line":59,"column":41},"end":{"line":59,"column":69}}},"8":{"name":"hasChanged","line":67,"loc":{"start":{"line":67,"column":35},"end":{"line":67,"column":57}}},"9":{"name":"__emitChange","line":72,"loc":{"start":{"line":72,"column":37},"end":{"line":72,"column":61}}},"10":{"name":"__invokeOnDispatch","line":83,"loc":{"start":{"line":83,"column":43},"end":{"line":83,"column":80}}},"11":{"name":"__onDispatch","line":97,"loc":{"start":{"line":97,"column":37},"end":{"line":97,"column":68}}}},"statementMap":{"1":{"start":{"line":14,"column":0},"end":{"line":14,"column":153}},"2":{"start":{"line":14,"column":50},"end":{"line":14,"column":151}},"3":{"start":{"line":14,"column":92},"end":{"line":14,"column":149}},"4":{"start":{"line":16,"column":0},"end":{"line":16,"column":36}},"5":{"start":{"line":18,"column":0},"end":{"line":18,"column":41}},"6":{"start":{"line":20,"column":0},"end":{"line":20,"column":46}},"7":{"start":{"line":28,"column":0},"end":{"line":102,"column":5}},"8":{"start":{"line":29,"column":2},"end":{"line":43,"column":3}},"9":{"start":{"line":30,"column":4},"end":{"line":30,"column":21}},"10":{"start":{"line":32,"column":4},"end":{"line":32,"column":37}},"11":{"start":{"line":34,"column":4},"end":{"line":34,"column":45}},"12":{"start":{"line":36,"column":4},"end":{"line":36,"column":27}},"13":{"start":{"line":37,"column":4},"end":{"line":37,"column":34}},"14":{"start":{"line":38,"column":4},"end":{"line":38,"column":35}},"15":{"start":{"line":39,"column":4},"end":{"line":39,"column":40}},"16":{"start":{"line":40,"column":4},"end":{"line":42,"column":7}},"17":{"start":{"line":41,"column":6},"end":{"line":41,"column":40}},"18":{"start":{"line":45,"column":2},"end":{"line":47,"column":4}},"19":{"start":{"line":46,"column":4},"end":{"line":46,"column":68}},"20":{"start":{"line":49,"column":2},"end":{"line":51,"column":4}},"21":{"start":{"line":50,"column":4},"end":{"line":50,"column":29}},"22":{"start":{"line":59,"column":2},"end":{"line":61,"column":4}},"23":{"start":{"line":60,"column":4},"end":{"line":60,"column":31}},"24":{"start":{"line":67,"column":2},"end":{"line":70,"column":4}},"25":{"start":{"line":68,"column":4},"end":{"line":68,"column":202}},"26":{"start":{"line":69,"column":4},"end":{"line":69,"column":26}},"27":{"start":{"line":72,"column":2},"end":{"line":75,"column":4}},"28":{"start":{"line":73,"column":4},"end":{"line":73,"column":204}},"29":{"start":{"line":74,"column":4},"end":{"line":74,"column":26}},"30":{"start":{"line":83,"column":2},"end":{"line":89,"column":4}},"31":{"start":{"line":84,"column":4},"end":{"line":84,"column":27}},"32":{"start":{"line":85,"column":4},"end":{"line":85,"column":31}},"33":{"start":{"line":86,"column":4},"end":{"line":88,"column":5}},"34":{"start":{"line":87,"column":6},"end":{"line":87,"column":46}},"35":{"start":{"line":97,"column":2},"end":{"line":99,"column":4}},"36":{"start":{"line":98,"column":4},"end":{"line":98,"column":188}},"37":{"start":{"line":101,"column":2},"end":{"line":101,"column":19}},"38":{"start":{"line":104,"column":0},"end":{"line":104,"column":27}}},"branchMap":{"1":{"line":14,"type":"if","locations":[{"start":{"line":14,"column":50},"end":{"line":14,"column":50}},{"start":{"line":14,"column":50},"end":{"line":14,"column":50}}]},"2":{"line":68,"type":"cond-expr","locations":[{"start":{"line":68,"column":41},"end":{"line":68,"column":189}},{"start":{"line":68,"column":192},"end":{"line":68,"column":201}}]},"3":{"line":68,"type":"cond-expr","locations":[{"start":{"line":68,"column":81},"end":{"line":68,"column":170}},{"start":{"line":68,"column":173},"end":{"line":68,"column":189}}]},"4":{"line":73,"type":"cond-expr","locations":[{"start":{"line":73,"column":41},"end":{"line":73,"column":191}},{"start":{"line":73,"column":194},"end":{"line":73,"column":203}}]},"5":{"line":73,"type":"cond-expr","locations":[{"start":{"line":73,"column":81},"end":{"line":73,"column":172}},{"start":{"line":73,"column":175},"end":{"line":73,"column":191}}]},"6":{"line":86,"type":"if","locations":[{"start":{"line":86,"column":4},"end":{"line":86,"column":4}},{"start":{"line":86,"column":4},"end":{"line":86,"column":4}}]},"7":{"line":98,"type":"cond-expr","locations":[{"start":{"line":98,"column":13},"end":{"line":98,"column":175}},{"start":{"line":98,"column":178},"end":{"line":98,"column":187}}]},"8":{"line":98,"type":"cond-expr","locations":[{"start":{"line":98,"column":53},"end":{"line":98,"column":156}},{"start":{"line":98,"column":159},"end":{"line":98,"column":175}}]}},"code":["/**"," * Copyright (c) 2014-present, Facebook, Inc. All rights reserved."," *"," * This source code is licensed under the BSD-style license found in the"," * LICENSE file in the root directory of this source tree. An additional grant"," * of patent rights can be found in the PATENTS file in the same directory."," *"," * @providesModule FluxStore"," * "," */","","'use strict';","","function _classCallCheck(instance, Constructor) { if (!(instance instanceof Constructor)) { throw new TypeError('Cannot call a class as a function'); } }","","var _require = require('fbemitter');","","var EventEmitter = _require.EventEmitter;","","var invariant = require('fbjs/lib/invariant');","","/**"," * This class represents the most basic functionality for a FluxStore. Do not"," * extend this store directly; instead extend FluxReduceStore when creating a"," * new store."," */","","var FluxStore = (function () {","  function FluxStore(dispatcher) {","    var _this = this;","","    _classCallCheck(this, FluxStore);","","    this.__className = this.constructor.name;","","    this.__changed = false;","    this.__changeEvent = 'change';","    this.__dispatcher = dispatcher;","    this.__emitter = new EventEmitter();","    this._dispatchToken = dispatcher.register(function (payload) {","      _this.__invokeOnDispatch(payload);","    });","  }","","  FluxStore.prototype.addListener = function addListener(callback) {","    return this.__emitter.addListener(this.__changeEvent, callback);","  };","","  FluxStore.prototype.getDispatcher = function getDispatcher() {","    return this.__dispatcher;","  };","","  /**","   * This exposes a unique string to identify each store's registered callback.","   * This is used with the dispatcher's waitFor method to declaratively depend","   * on other stores updating themselves first.","   */","","  FluxStore.prototype.getDispatchToken = function getDispatchToken() {","    return this._dispatchToken;","  };","","  /**","   * Returns whether the store has changed during the most recent dispatch.","   */","","  FluxStore.prototype.hasChanged = function hasChanged() {","    !this.__dispatcher.isDispatching() ? process.env.NODE_ENV !== 'production' ? invariant(false, '%s.hasChanged(): Must be invoked while dispatching.', this.__className) : invariant(false) : undefined;","    return this.__changed;","  };","","  FluxStore.prototype.__emitChange = function __emitChange() {","    !this.__dispatcher.isDispatching() ? process.env.NODE_ENV !== 'production' ? invariant(false, '%s.__emitChange(): Must be invoked while dispatching.', this.__className) : invariant(false) : undefined;","    this.__changed = true;","  };","","  /**","   * This method encapsulates all logic for invoking __onDispatch. It should","   * be used for things like catching changes and emitting them after the","   * subclass has handled a payload.","   */","","  FluxStore.prototype.__invokeOnDispatch = function __invokeOnDispatch(payload) {","    this.__changed = false;","    this.__onDispatch(payload);","    if (this.__changed) {","      this.__emitter.emit(this.__changeEvent);","    }","  };","","  /**","   * The callback that will be registered with the dispatcher during","   * instantiation. Subclasses must override this method. This callback is the","   * only way the store receives new data.","   */","","  FluxStore.prototype.__onDispatch = function __onDispatch(payload) {","    !false ? process.env.NODE_ENV !== 'production' ? invariant(false, '%s has not overridden FluxStore.__onDispatch(), which is required', this.__className) : invariant(false) : undefined;","  };","","  return FluxStore;","})();","","module.exports = FluxStore;","","// private","","// protected, available to subclasses"],"l":{"14":1,"16":1,"18":1,"20":1,"28":1,"29":1,"30":0,"32":0,"34":0,"36":0,"37":0,"38":0,"39":0,"40":0,"41":0,"45":1,"46":0,"49":1,"50":0,"59":1,"60":0,"67":1,"68":0,"69":0,"72":1,"73":0,"74":0,"83":1,"84":0,"85":0,"86":0,"87":0,"97":1,"98":0,"101":1,"104":1}},"/home/travis/build/npmtest/node-npmtest-flux/node_modules/flux/lib/abstractMethod.js":{"path":"/home/travis/build/npmtest/node-npmtest-flux/node_modules/flux/lib/abstractMethod.js","s":{"1":1,"2":1,"3":0,"4":1},"b":{"1":[0,0],"2":[0,0]},"f":{"1":0},"fnMap":{"1":{"name":"abstractMethod","line":17,"loc":{"start":{"line":17,"column":0},"end":{"line":17,"column":47}}}},"statementMap":{"1":{"start":{"line":15,"column":0},"end":{"line":15,"column":46}},"2":{"start":{"line":17,"column":0},"end":{"line":19,"column":1}},"3":{"start":{"line":18,"column":2},"end":{"line":18,"column":192}},"4":{"start":{"line":21,"column":0},"end":{"line":21,"column":32}}},"branchMap":{"1":{"line":18,"type":"cond-expr","locations":[{"start":{"line":18,"column":11},"end":{"line":18,"column":179}},{"start":{"line":18,"column":182},"end":{"line":18,"column":191}}]},"2":{"line":18,"type":"cond-expr","locations":[{"start":{"line":18,"column":51},"end":{"line":18,"column":160}},{"start":{"line":18,"column":163},"end":{"line":18,"column":179}}]}},"code":["/**"," * Copyright (c) 2014-2015, Facebook, Inc."," * All rights reserved."," *"," * This source code is licensed under the BSD-style license found in the"," * LICENSE file in the root directory of this source tree. An additional grant"," * of patent rights can be found in the PATENTS file in the same directory."," *"," * @providesModule abstractMethod"," * "," */","","'use strict';","","var invariant = require('fbjs/lib/invariant');","","function abstractMethod(className, methodName) {","  !false ? process.env.NODE_ENV !== 'production' ? invariant(false, 'Subclasses of %s must override %s() with their own implementation.', className, methodName) : invariant(false) : undefined;","}","","module.exports = abstractMethod;"],"l":{"15":1,"17":1,"18":0,"21":1}}}